This file contains any messages produced by compilers while
running configure, to aid debugging if configure makes a mistake.

It was created by sumo configure 0.32.0, which was
generated by GNU Autoconf 2.69.  Invocation command line was

  $ ./configure CXX=clang++ CXXFLAGS=-stdlib=libc++ -std=gnu++11 --with-xerces=/usr/local --with-projdir=/usr/local

## --------- ##
## Platform. ##
## --------- ##

hostname = MacBook-Pro-7.lan
uname -m = x86_64
uname -r = 18.2.0
uname -s = Darwin
uname -v = Darwin Kernel Version 18.2.0: Mon Nov 12 20:24:46 PST 2018; root:xnu-4903.231.4~2/RELEASE_X86_64

/usr/bin/uname -p = i386
/bin/uname -X     = unknown

/bin/arch              = unknown
/usr/bin/arch -k       = unknown
/usr/convex/getsysinfo = unknown
/usr/bin/hostinfo      = Mach kernel version:
	 Darwin Kernel Version 18.2.0: Mon Nov 12 20:24:46 PST 2018; root:xnu-4903.231.4~2/RELEASE_X86_64
Kernel configured for up to 4 processors.
2 processors are physically available.
4 processors are logically available.
Processor type: x86_64h (Intel x86-64h Haswell)
Processors active: 0 1 2 3
Primary memory available: 16.00 gigabytes
Default processor set: 320 tasks, 1245 threads, 4 processors
Load average: 1.44, Mach factor: 2.55
/bin/machine           = unknown
/usr/bin/oslevel       = unknown
/bin/universe          = unknown

PATH: /Users/masayuki/desktop/omnetpp-5.4.1/bin
PATH: /Users/masayuki/desktop/omnetpp-5.4.1/tools/macosx/bin
PATH: /Users/masayuki/.pyenv/shims
PATH: /bin
PATH: /Users/masayuki/anaconda3/bin
PATH: /Users/masayuki/anaconda/bin
PATH: /Library/Frameworks/Python.framework/Versions/2.7/bin
PATH: /usr/local/bin
PATH: /usr/bin
PATH: /bin
PATH: /usr/sbin
PATH: /sbin
PATH: /opt/X11/bin
PATH: /Library/Frameworks/Mono.framework/Versions/Current/Commands
PATH: /Applications/TeXLive/Library/texlive/2016/bin/x86_64-darwin
PATH: /Applications/TeXLive/Library/mactexaddons/bin
PATH: /Users/masayuki/desktop/omnetpp-5.4.1/bin


## ----------- ##
## Core tests. ##
## ----------- ##

configure:2633: checking build system type
configure:2647: result: x86_64-apple-darwin18.2.0
configure:2667: checking host system type
configure:2680: result: x86_64-apple-darwin18.2.0
configure:2700: checking target system type
configure:2713: result: x86_64-apple-darwin18.2.0
configure:2760: checking for a BSD-compatible install
configure:2828: result: /usr/bin/install -c
configure:2839: checking whether build environment is sane
configure:2894: result: yes
configure:3045: checking for a thread-safe mkdir -p
configure:3084: result: ./install-sh -c -d
configure:3091: checking for gawk
configure:3121: result: no
configure:3091: checking for mawk
configure:3121: result: no
configure:3091: checking for nawk
configure:3121: result: no
configure:3091: checking for awk
configure:3107: found /usr/bin/awk
configure:3118: result: awk
configure:3129: checking whether make sets $(MAKE)
configure:3151: result: yes
configure:3180: checking whether make supports nested variables
configure:3197: result: yes
configure:3286: checking whether UID '501' is supported by ustar format
configure:3289: result: yes
configure:3296: checking whether GID '20' is supported by ustar format
configure:3299: result: yes
configure:3307: checking how to create a ustar tar archive
configure:3318: tar --version
bsdtar 2.8.3 - libarchive 2.8.3
configure:3321: $? = 0
configure:3361: tardir=conftest.dir && eval tar --format=ustar -chf - "$tardir" >conftest.tar
configure:3364: $? = 0
configure:3368: tar -xf - <conftest.tar
configure:3371: $? = 0
configure:3373: cat conftest.dir/file
GrepMe
configure:3376: $? = 0
configure:3389: result: gnutar
configure:3556: checking for gcc
configure:3572: found /usr/bin/gcc
configure:3583: result: gcc
configure:3812: checking for C compiler version
configure:3821: gcc --version >&5
Apple LLVM version 10.0.1 (clang-1001.0.46.3)
Target: x86_64-apple-darwin18.2.0
Thread model: posix
InstalledDir: /Library/Developer/CommandLineTools/usr/bin
Configured with: --prefix=/Library/Developer/CommandLineTools/usr --with-gxx-include-dir=/Library/Developer/CommandLineTools/SDKs/MacOSX10.14.sdk/usr/include/c++/4.2.1
configure:3832: $? = 0
configure:3821: gcc -v >&5
Configured with: --prefix=/Library/Developer/CommandLineTools/usr --with-gxx-include-dir=/Library/Developer/CommandLineTools/SDKs/MacOSX10.14.sdk/usr/include/c++/4.2.1
Apple LLVM version 10.0.1 (clang-1001.0.46.3)
Target: x86_64-apple-darwin18.2.0
Thread model: posix
InstalledDir: /Library/Developer/CommandLineTools/usr/bin
configure:3832: $? = 0
configure:3821: gcc -V >&5
clang: error: unsupported option '-V -Wno-atomic-implicit-seq-cst'
clang: error: no input files
configure:3832: $? = 1
configure:3821: gcc -qversion >&5
clang: error: unknown argument '-qversion', did you mean '--version'?
clang: error: no input files
configure:3832: $? = 1
configure:3852: checking whether the C compiler works
configure:3874: gcc  -I/opt/X11/include/ -L/opt/X11/lib conftest.c  >&5
configure:3878: $? = 0
configure:3926: result: yes
configure:3929: checking for C compiler default output file name
configure:3931: result: a.out
configure:3937: checking for suffix of executables
configure:3944: gcc -o conftest  -I/opt/X11/include/ -L/opt/X11/lib conftest.c  >&5
configure:3948: $? = 0
configure:3970: result: 
configure:3992: checking whether we are cross compiling
configure:4000: gcc -o conftest  -I/opt/X11/include/ -L/opt/X11/lib conftest.c  >&5
configure:4004: $? = 0
configure:4011: ./conftest
configure:4015: $? = 0
configure:4030: result: no
configure:4035: checking for suffix of object files
configure:4057: gcc -c  -I/opt/X11/include/ conftest.c >&5
configure:4061: $? = 0
configure:4082: result: o
configure:4086: checking whether we are using the GNU C compiler
configure:4105: gcc -c  -I/opt/X11/include/ conftest.c >&5
configure:4105: $? = 0
configure:4114: result: yes
configure:4123: checking whether gcc accepts -g
configure:4143: gcc -c -g -I/opt/X11/include/ conftest.c >&5
configure:4143: $? = 0
configure:4184: result: yes
configure:4201: checking for gcc option to accept ISO C89
configure:4264: gcc  -c -g -O2 -I/opt/X11/include/ conftest.c >&5
configure:4264: $? = 0
configure:4277: result: none needed
configure:4302: checking whether gcc understands -c and -o together
configure:4324: gcc -c conftest.c -o conftest2.o
configure:4327: $? = 0
configure:4324: gcc -c conftest.c -o conftest2.o
configure:4327: $? = 0
configure:4339: result: yes
configure:4359: checking whether make supports the include directive
configure:4374: make -f confmf.GNU && cat confinc.out
this is the am__doit target
configure:4377: $? = 0
configure:4396: result: yes (GNU style)
configure:4421: checking dependency style of gcc
configure:4532: result: gcc3
configure:4552: checking how to run the C preprocessor
configure:4583: gcc -E -I/opt/X11/include/ conftest.c
configure:4583: $? = 0
configure:4597: gcc -E -I/opt/X11/include/ conftest.c
conftest.c:11:10: fatal error: 'ac_nonexistent.h' file not found
#include <ac_nonexistent.h>
         ^~~~~~~~~~~~~~~~~~
1 error generated.
configure:4597: $? = 1
configure: failed program was:
| /* confdefs.h */
| #define PACKAGE_NAME "sumo"
| #define PACKAGE_TARNAME "sumo"
| #define PACKAGE_VERSION "0.32.0"
| #define PACKAGE_STRING "sumo 0.32.0"
| #define PACKAGE_BUGREPORT ""
| #define PACKAGE_URL ""
| #define PACKAGE "sumo"
| #define VERSION "0.32.0"
| /* end confdefs.h.  */
| #include <ac_nonexistent.h>
configure:4622: result: gcc -E
configure:4642: gcc -E -I/opt/X11/include/ conftest.c
configure:4642: $? = 0
configure:4656: gcc -E -I/opt/X11/include/ conftest.c
conftest.c:11:10: fatal error: 'ac_nonexistent.h' file not found
#include <ac_nonexistent.h>
         ^~~~~~~~~~~~~~~~~~
1 error generated.
configure:4656: $? = 1
configure: failed program was:
| /* confdefs.h */
| #define PACKAGE_NAME "sumo"
| #define PACKAGE_TARNAME "sumo"
| #define PACKAGE_VERSION "0.32.0"
| #define PACKAGE_STRING "sumo 0.32.0"
| #define PACKAGE_BUGREPORT ""
| #define PACKAGE_URL ""
| #define PACKAGE "sumo"
| #define VERSION "0.32.0"
| /* end confdefs.h.  */
| #include <ac_nonexistent.h>
configure:4796: checking for C++ compiler version
configure:4805: clang++ --version >&5
Apple LLVM version 10.0.1 (clang-1001.0.46.3)
Target: x86_64-apple-darwin18.2.0
Thread model: posix
InstalledDir: /Library/Developer/CommandLineTools/usr/bin
configure:4816: $? = 0
configure:4805: clang++ -v >&5
Apple LLVM version 10.0.1 (clang-1001.0.46.3)
Target: x86_64-apple-darwin18.2.0
Thread model: posix
InstalledDir: /Library/Developer/CommandLineTools/usr/bin
configure:4816: $? = 0
configure:4805: clang++ -V >&5
clang: error: unsupported option '-V -Wno-atomic-implicit-seq-cst'
clang: error: no input files
configure:4816: $? = 1
configure:4805: clang++ -qversion >&5
clang: error: unknown argument '-qversion', did you mean '--version'?
clang: error: no input files
configure:4816: $? = 1
configure:4820: checking whether we are using the GNU C++ compiler
configure:4839: clang++ -c -std=c++11 -O2 -DNDEBUG -stdlib=libc++ -std=gnu++11 -I/opt/X11/include/ conftest.cpp >&5
configure:4839: $? = 0
configure:4848: result: yes
configure:4857: checking whether clang++ accepts -g
configure:4877: clang++ -c -g -I/opt/X11/include/ conftest.cpp >&5
configure:4877: $? = 0
configure:4918: result: yes
configure:4943: checking dependency style of clang++
configure:5054: result: gcc3
configure:5070: checking whether ln -s works
configure:5074: result: yes
configure:5081: checking whether make sets $(MAKE)
configure:5103: result: yes
configure:5156: checking for ranlib
configure:5172: found /usr/bin/ranlib
configure:5183: result: ranlib
configure:5251: checking how to print strings
configure:5278: result: printf
configure:5299: checking for a sed that does not truncate output
configure:5363: result: /usr/bin/sed
configure:5381: checking for grep that handles long lines and -e
configure:5439: result: /usr/bin/grep
configure:5444: checking for egrep
configure:5506: result: /usr/bin/grep -E
configure:5511: checking for fgrep
configure:5573: result: /usr/bin/grep -F
configure:5608: checking for ld used by gcc
configure:5675: result: /Library/Developer/CommandLineTools/usr/bin/ld
configure:5682: checking if the linker (/Library/Developer/CommandLineTools/usr/bin/ld) is GNU ld
configure:5697: result: no
configure:5709: checking for BSD- or MS-compatible name lister (nm)
configure:5763: result: /usr/bin/nm -B
configure:5893: checking the name lister (/usr/bin/nm -B) interface
configure:5900: clang++ -c -std=c++11 -O2 -DNDEBUG -stdlib=libc++ -std=gnu++11 -I/opt/X11/include/ conftest.cpp >&5
configure:5903: /usr/bin/nm -B "conftest.o"
configure:5906: output
0000000000000000 S _some_variable
configure:5913: result: BSD nm
configure:5917: checking the maximum length of command line arguments
configure:6048: result: 196608
configure:6096: checking how to convert x86_64-apple-darwin18.2.0 file names to x86_64-apple-darwin18.2.0 format
configure:6136: result: func_convert_file_noop
configure:6143: checking how to convert x86_64-apple-darwin18.2.0 file names to toolchain format
configure:6163: result: func_convert_file_noop
configure:6170: checking for /Library/Developer/CommandLineTools/usr/bin/ld option to reload object files
configure:6177: result: -r
configure:6251: checking for objdump
configure:6267: found /usr/bin/objdump
configure:6278: result: objdump
configure:6310: checking how to recognize dependent libraries
configure:6510: result: pass_all
configure:6595: checking for dlltool
configure:6625: result: no
configure:6655: checking how to associate runtime and link libraries
configure:6682: result: printf %s\n
configure:6743: checking for ar
configure:6759: found /usr/bin/ar
configure:6770: result: ar
configure:6807: checking for archiver @FILE support
configure:6824: clang++ -c -std=c++11 -O2 -DNDEBUG -stdlib=libc++ -std=gnu++11 -I/opt/X11/include/ conftest.cpp >&5
configure:6824: $? = 0
configure:6827: ar cr libconftest.a @conftest.lst >&5
ar: @conftest.lst: No such file or directory
configure:6830: $? = 1
configure:6850: result: no
configure:6908: checking for strip
configure:6924: found /usr/bin/strip
configure:6935: result: strip
configure:7007: checking for ranlib
configure:7034: result: ranlib
configure:7136: checking command to parse /usr/bin/nm -B output from gcc object
configure:7289: clang++ -c -std=c++11 -O2 -DNDEBUG -stdlib=libc++ -std=gnu++11 -I/opt/X11/include/ conftest.cpp >&5
configure:7292: $? = 0
configure:7296: /usr/bin/nm -B conftest.o \| sed -n -e 's/^.*[ ]\([BCDEGRST][BCDEGRST]*\)[ ][ ]*\([_A-Za-z][_A-Za-z0-9]*\)$/\1 \2 \2/p' | sed '/ __gnu_lto/d' \> conftest.nm
configure:7299: $? = 0
cannot find nm_test_var in conftest.nm
configure:7289: clang++ -c -std=c++11 -O2 -DNDEBUG -stdlib=libc++ -std=gnu++11 -I/opt/X11/include/ conftest.cpp >&5
configure:7292: $? = 0
configure:7296: /usr/bin/nm -B conftest.o \| sed -n -e 's/^.*[ ]\([BCDEGRST][BCDEGRST]*\)[ ][ ]*_\([_A-Za-z][_A-Za-z0-9]*\)$/\1 _\2 \2/p' | sed '/ __gnu_lto/d' \> conftest.nm
configure:7299: $? = 0
configure:7365: clang++ -o conftest -std=c++11 -O2 -DNDEBUG -stdlib=libc++ -std=gnu++11 -I/opt/X11/include/ -L/opt/X11/lib conftest.cpp conftstm.o >&5
configure:7368: $? = 0
configure:7406: result: ok
configure:7453: checking for sysroot
configure:7483: result: no
configure:7490: checking for a working dd
configure:7528: result: /bin/dd
configure:7532: checking how to truncate binary pipes
configure:7547: result: /bin/dd bs=4096 count=1
configure:7877: checking for mt
configure:7907: result: no
configure:7927: checking if : is a manifest tool
configure:7933: : '-?'
configure:7941: result: no
configure:7997: checking for dsymutil
configure:8013: found /usr/bin/dsymutil
configure:8024: result: dsymutil
configure:8089: checking for nmedit
configure:8105: found /usr/bin/nmedit
configure:8116: result: nmedit
configure:8181: checking for lipo
configure:8197: found /usr/bin/lipo
configure:8208: result: lipo
configure:8273: checking for otool
configure:8289: found /usr/bin/otool
configure:8300: result: otool
configure:8365: checking for otool64
configure:8395: result: no
configure:8440: checking for -single_module linker flag
gcc -g -O2 -L/opt/X11/lib -o libconftest.dylib -dynamiclib -Wl,-single_module conftest.c
configure:8473: result: yes
configure:8476: checking for -exported_symbols_list linker flag
configure:8496: clang++ -o conftest -std=c++11 -O2 -DNDEBUG -stdlib=libc++ -std=gnu++11 -I/opt/X11/include/ -L/opt/X11/lib -Wl,-exported_symbols_list,conftest.sym conftest.cpp  >&5
configure:8496: $? = 0
configure:8506: result: yes
configure:8509: checking for -force_load linker flag
gcc -g -O2 -c -o conftest.o conftest.c
ar cru libconftest.a conftest.o
ranlib libconftest.a
gcc -g -O2 -L/opt/X11/lib -o conftest conftest.c -Wl,-force_load,./libconftest.a
configure:8541: result: yes
configure:8614: checking for ANSI C header files
configure:8634: clang++ -c -std=c++11 -O2 -DNDEBUG -stdlib=libc++ -std=gnu++11 -I/opt/X11/include/ conftest.cpp >&5
configure:8634: $? = 0
./configure: line 8648: -I/opt/X11/include/: No such file or directory
configure:8718: result: no
configure:8731: checking for sys/types.h
configure:8731: clang++ -c -std=c++11 -O2 -DNDEBUG -stdlib=libc++ -std=gnu++11 -I/opt/X11/include/ conftest.cpp >&5
configure:8731: $? = 0
configure:8731: result: yes
configure:8731: checking for sys/stat.h
configure:8731: clang++ -c -std=c++11 -O2 -DNDEBUG -stdlib=libc++ -std=gnu++11 -I/opt/X11/include/ conftest.cpp >&5
configure:8731: $? = 0
configure:8731: result: yes
configure:8731: checking for stdlib.h
configure:8731: clang++ -c -std=c++11 -O2 -DNDEBUG -stdlib=libc++ -std=gnu++11 -I/opt/X11/include/ conftest.cpp >&5
configure:8731: $? = 0
configure:8731: result: yes
configure:8731: checking for string.h
configure:8731: clang++ -c -std=c++11 -O2 -DNDEBUG -stdlib=libc++ -std=gnu++11 -I/opt/X11/include/ conftest.cpp >&5
configure:8731: $? = 0
configure:8731: result: yes
configure:8731: checking for memory.h
configure:8731: clang++ -c -std=c++11 -O2 -DNDEBUG -stdlib=libc++ -std=gnu++11 -I/opt/X11/include/ conftest.cpp >&5
configure:8731: $? = 0
configure:8731: result: yes
configure:8731: checking for strings.h
configure:8731: clang++ -c -std=c++11 -O2 -DNDEBUG -stdlib=libc++ -std=gnu++11 -I/opt/X11/include/ conftest.cpp >&5
configure:8731: $? = 0
configure:8731: result: yes
configure:8731: checking for inttypes.h
configure:8731: clang++ -c -std=c++11 -O2 -DNDEBUG -stdlib=libc++ -std=gnu++11 -I/opt/X11/include/ conftest.cpp >&5
configure:8731: $? = 0
configure:8731: result: yes
configure:8731: checking for stdint.h
configure:8731: clang++ -c -std=c++11 -O2 -DNDEBUG -stdlib=libc++ -std=gnu++11 -I/opt/X11/include/ conftest.cpp >&5
configure:8731: $? = 0
configure:8731: result: yes
configure:8731: checking for unistd.h
configure:8731: clang++ -c -std=c++11 -O2 -DNDEBUG -stdlib=libc++ -std=gnu++11 -I/opt/X11/include/ conftest.cpp >&5
configure:8731: $? = 0
configure:8731: result: yes
configure:8745: checking for dlfcn.h
configure:8745: clang++ -c -std=c++11 -O2 -DNDEBUG -stdlib=libc++ -std=gnu++11 -I/opt/X11/include/ conftest.cpp >&5
configure:8745: $? = 0
configure:8745: result: yes
configure:9011: checking for objdir
configure:9026: result: .libs
configure:9286: checking if gcc supports -fno-rtti -fno-exceptions
configure:9304: gcc -c -g -O2 -I/opt/X11/include/ -fno-rtti -fno-exceptions conftest.c >&5
configure:9308: $? = 0
configure:9321: result: yes
configure:9679: checking for gcc option to produce PIC
configure:9686: result: -fno-common -DPIC
configure:9694: checking if gcc PIC flag -fno-common -DPIC works
configure:9712: gcc -c -g -O2 -I/opt/X11/include/ -fno-common -DPIC -DPIC conftest.c >&5
configure:9716: $? = 0
configure:9729: result: yes
configure:9758: checking if gcc static flag -static works
configure:9786: result: no
configure:9801: checking if gcc supports -c -o file.o
configure:9822: gcc -c -g -O2 -I/opt/X11/include/ -o out/conftest2.o conftest.c >&5
configure:9826: $? = 0
configure:9848: result: yes
configure:9856: checking if gcc supports -c -o file.o
configure:9903: result: yes
configure:9936: checking whether the gcc linker (/Library/Developer/CommandLineTools/usr/bin/ld) supports shared libraries
configure:11195: result: yes
configure:11435: checking dynamic linker characteristics
configure:12253: result: darwin18.2.0 dyld
configure:12375: checking how to hardcode library paths into programs
configure:12400: result: immediate
configure:12948: checking whether stripping libraries is possible
configure:12962: result: yes
configure:12988: checking if libtool supports shared libraries
configure:12990: result: yes
configure:12993: checking whether to build shared libraries
configure:13018: result: yes
configure:13021: checking whether to build static libraries
configure:13025: result: yes
configure:13048: checking how to run the C++ preprocessor
configure:13075: clang++ -E -I/opt/X11/include/ conftest.cpp
configure:13075: $? = 0
configure:13089: clang++ -E -I/opt/X11/include/ conftest.cpp
conftest.cpp:22:10: fatal error: 'ac_nonexistent.h' file not found
#include <ac_nonexistent.h>
         ^~~~~~~~~~~~~~~~~~
1 error generated.
configure:13089: $? = 1
configure: failed program was:
| /* confdefs.h */
| #define PACKAGE_NAME "sumo"
| #define PACKAGE_TARNAME "sumo"
| #define PACKAGE_VERSION "0.32.0"
| #define PACKAGE_STRING "sumo 0.32.0"
| #define PACKAGE_BUGREPORT ""
| #define PACKAGE_URL ""
| #define PACKAGE "sumo"
| #define VERSION "0.32.0"
| #define HAVE_SYS_TYPES_H 1
| #define HAVE_SYS_STAT_H 1
| #define HAVE_STDLIB_H 1
| #define HAVE_STRING_H 1
| #define HAVE_MEMORY_H 1
| #define HAVE_STRINGS_H 1
| #define HAVE_INTTYPES_H 1
| #define HAVE_STDINT_H 1
| #define HAVE_UNISTD_H 1
| #define HAVE_DLFCN_H 1
| #define LT_OBJDIR ".libs/"
| /* end confdefs.h.  */
| #include <ac_nonexistent.h>
configure:13114: result: clang++ -E
configure:13134: clang++ -E -I/opt/X11/include/ conftest.cpp
configure:13134: $? = 0
configure:13148: clang++ -E -I/opt/X11/include/ conftest.cpp
conftest.cpp:22:10: fatal error: 'ac_nonexistent.h' file not found
#include <ac_nonexistent.h>
         ^~~~~~~~~~~~~~~~~~
1 error generated.
configure:13148: $? = 1
configure: failed program was:
| /* confdefs.h */
| #define PACKAGE_NAME "sumo"
| #define PACKAGE_TARNAME "sumo"
| #define PACKAGE_VERSION "0.32.0"
| #define PACKAGE_STRING "sumo 0.32.0"
| #define PACKAGE_BUGREPORT ""
| #define PACKAGE_URL ""
| #define PACKAGE "sumo"
| #define VERSION "0.32.0"
| #define HAVE_SYS_TYPES_H 1
| #define HAVE_SYS_STAT_H 1
| #define HAVE_STDLIB_H 1
| #define HAVE_STRING_H 1
| #define HAVE_MEMORY_H 1
| #define HAVE_STRINGS_H 1
| #define HAVE_INTTYPES_H 1
| #define HAVE_STDINT_H 1
| #define HAVE_UNISTD_H 1
| #define HAVE_DLFCN_H 1
| #define LT_OBJDIR ".libs/"
| /* end confdefs.h.  */
| #include <ac_nonexistent.h>
configure:13310: checking for ld used by clang++
configure:13377: result: /Library/Developer/CommandLineTools/usr/bin/ld
configure:13384: checking if the linker (/Library/Developer/CommandLineTools/usr/bin/ld) is GNU ld
configure:13399: result: no
configure:13454: checking whether the clang++ linker (/Library/Developer/CommandLineTools/usr/bin/ld) supports shared libraries
configure:14527: result: yes
configure:14563: clang++ -c -std=c++11 -O2 -DNDEBUG -stdlib=libc++ -std=gnu++11 -I/opt/X11/include/ conftest.cpp >&5
configure:14566: $? = 0
configure:15047: checking for clang++ option to produce PIC
configure:15054: result: -fno-common -DPIC
configure:15062: checking if clang++ PIC flag -fno-common -DPIC works
configure:15080: clang++ -c -std=c++11 -O2 -DNDEBUG -stdlib=libc++ -std=gnu++11 -I/opt/X11/include/ -fno-common -DPIC -DPIC conftest.cpp >&5
configure:15084: $? = 0
configure:15097: result: yes
configure:15120: checking if clang++ static flag -static works
configure:15148: result: no
configure:15160: checking if clang++ supports -c -o file.o
configure:15181: clang++ -c -std=c++11 -O2 -DNDEBUG -stdlib=libc++ -std=gnu++11 -I/opt/X11/include/ -o out/conftest2.o conftest.cpp >&5
configure:15185: $? = 0
configure:15207: result: yes
configure:15212: checking if clang++ supports -c -o file.o
configure:15259: result: yes
configure:15289: checking whether the clang++ linker (/Library/Developer/CommandLineTools/usr/bin/ld) supports shared libraries
configure:15329: result: yes
configure:15470: checking dynamic linker characteristics
configure:16215: result: darwin18.2.0 dyld
configure:16280: checking how to hardcode library paths into programs
configure:16305: result: immediate
configure:16501: checking for pkg-config
configure:16519: found /usr/local/bin/pkg-config
configure:16531: result: /usr/local/bin/pkg-config
configure:16556: checking pkg-config is at least version 0.9.0
configure:16559: result: yes
configure:16569: checking for xerces-c >= 3.0
configure:16576: $PKG_CONFIG --exists --print-errors "xerces-c >= 3.0"
configure:16579: $? = 0
configure:16593: $PKG_CONFIG --exists --print-errors "xerces-c >= 3.0"
configure:16596: $? = 0
configure:16638: result: yes
configure:16711: checking for main in -lxerces-c
configure:16730: clang++ -o conftest -std=c++11 -O2 -DNDEBUG -stdlib=libc++ -std=gnu++11 -I/opt/X11/include/ -I/opt/local/include -L/usr/local/lib conftest.cpp -lxerces-c   >&5
configure:16730: $? = 0
configure:16740: result: yes
configure:16775: checking xercesc/util/XercesVersion.hpp usability
configure:16775: clang++ -c -std=c++11 -O2 -DNDEBUG -stdlib=libc++ -std=gnu++11 -I/usr/local/include conftest.cpp >&5
configure:16775: $? = 0
configure:16775: result: yes
configure:16775: checking xercesc/util/XercesVersion.hpp presence
configure:16775: clang++ -E -I/usr/local/include conftest.cpp
configure:16775: $? = 0
configure:16775: result: yes
configure:16775: checking for xercesc/util/XercesVersion.hpp
configure:16775: result: yes
configure:16815: checking for main in -lproj
configure:16834: clang++ -o conftest -std=c++11 -O2 -DNDEBUG -stdlib=libc++ -std=gnu++11 -I/opt/X11/include/ -I/opt/local/include -L/opt/X11/lib -L/opt/local/lib conftest.cpp -lproj   >&5
ld: warning: directory not found for option '-L/opt/local/lib'
configure:16834: $? = 0
configure:16843: result: yes
configure:16903: checking proj_api.h usability
configure:16903: clang++ -c -std=c++11 -O2 -DNDEBUG -stdlib=libc++ -std=gnu++11 -I/opt/X11/include/ -I/opt/local/include conftest.cpp >&5
In file included from conftest.cpp:59:
/usr/local/include/proj_api.h:37:2: error: 'To use the proj_api.h you must define the macro ACCEPT_USE_OF_DEPRECATED_PROJ_API_H'
#error 'To use the proj_api.h you must define the macro ACCEPT_USE_OF_DEPRECATED_PROJ_API_H'
 ^
1 error generated.
configure:16903: $? = 1
configure: failed program was:
| /* confdefs.h */
| #define PACKAGE_NAME "sumo"
| #define PACKAGE_TARNAME "sumo"
| #define PACKAGE_VERSION "0.32.0"
| #define PACKAGE_STRING "sumo 0.32.0"
| #define PACKAGE_BUGREPORT ""
| #define PACKAGE_URL ""
| #define PACKAGE "sumo"
| #define VERSION "0.32.0"
| #define HAVE_SYS_TYPES_H 1
| #define HAVE_SYS_STAT_H 1
| #define HAVE_STDLIB_H 1
| #define HAVE_STRING_H 1
| #define HAVE_MEMORY_H 1
| #define HAVE_STRINGS_H 1
| #define HAVE_INTTYPES_H 1
| #define HAVE_STDINT_H 1
| #define HAVE_UNISTD_H 1
| #define HAVE_DLFCN_H 1
| #define LT_OBJDIR ".libs/"
| #define POSITION_EPS 0.1
| #define NUMERICAL_EPS 0.001
| #define VERSION_STRING "0.32.0"
| #define XERCES3_SIZE_t XMLSize_t
| /* end confdefs.h.  */
| #include <stdio.h>
| #ifdef HAVE_SYS_TYPES_H
| # include <sys/types.h>
| #endif
| #ifdef HAVE_SYS_STAT_H
| # include <sys/stat.h>
| #endif
| #ifdef STDC_HEADERS
| # include <stdlib.h>
| # include <stddef.h>
| #else
| # ifdef HAVE_STDLIB_H
| #  include <stdlib.h>
| # endif
| #endif
| #ifdef HAVE_STRING_H
| # if !defined STDC_HEADERS && defined HAVE_MEMORY_H
| #  include <memory.h>
| # endif
| # include <string.h>
| #endif
| #ifdef HAVE_STRINGS_H
| # include <strings.h>
| #endif
| #ifdef HAVE_INTTYPES_H
| # include <inttypes.h>
| #endif
| #ifdef HAVE_STDINT_H
| # include <stdint.h>
| #endif
| #ifdef HAVE_UNISTD_H
| # include <unistd.h>
| #endif
| #include <proj_api.h>
configure:16903: result: no
configure:16903: checking proj_api.h presence
configure:16903: clang++ -E -I/opt/X11/include/ -I/opt/local/include conftest.cpp
In file included from conftest.cpp:26:
/usr/local/include/proj_api.h:37:2: error: 'To use the proj_api.h you must define the macro ACCEPT_USE_OF_DEPRECATED_PROJ_API_H'
#error 'To use the proj_api.h you must define the macro ACCEPT_USE_OF_DEPRECATED_PROJ_API_H'
 ^
1 error generated.
configure:16903: $? = 1
configure: failed program was:
| /* confdefs.h */
| #define PACKAGE_NAME "sumo"
| #define PACKAGE_TARNAME "sumo"
| #define PACKAGE_VERSION "0.32.0"
| #define PACKAGE_STRING "sumo 0.32.0"
| #define PACKAGE_BUGREPORT ""
| #define PACKAGE_URL ""
| #define PACKAGE "sumo"
| #define VERSION "0.32.0"
| #define HAVE_SYS_TYPES_H 1
| #define HAVE_SYS_STAT_H 1
| #define HAVE_STDLIB_H 1
| #define HAVE_STRING_H 1
| #define HAVE_MEMORY_H 1
| #define HAVE_STRINGS_H 1
| #define HAVE_INTTYPES_H 1
| #define HAVE_STDINT_H 1
| #define HAVE_UNISTD_H 1
| #define HAVE_DLFCN_H 1
| #define LT_OBJDIR ".libs/"
| #define POSITION_EPS 0.1
| #define NUMERICAL_EPS 0.001
| #define VERSION_STRING "0.32.0"
| #define XERCES3_SIZE_t XMLSize_t
| /* end confdefs.h.  */
| #include <proj_api.h>
configure:16903: result: no
configure:16903: checking for proj_api.h
configure:16903: result: no
configure:16907: WARNING: proj-includes not found. Specify path with option --with-proj-includes=DIR.
configure:16949: checking for gdal-config
configure:16967: found /usr/local/bin/gdal-config
configure:16979: result: /usr/local/bin/gdal-config
configure:17010: checking ogr_api.h usability
configure:17010: clang++ -c -std=c++11 -O2 -DNDEBUG -stdlib=libc++ -std=gnu++11 -I/usr/local/Cellar/gdal/2.4.1/include conftest.cpp >&5
configure:17010: $? = 0
configure:17010: result: yes
configure:17010: checking ogr_api.h presence
configure:17010: clang++ -E -I/usr/local/Cellar/gdal/2.4.1/include conftest.cpp
In file included from conftest.cpp:26:
In file included from /usr/local/Cellar/gdal/2.4.1/include/ogr_api.h:43:
In file included from /usr/local/Cellar/gdal/2.4.1/include/cpl_progress.h:33:
/usr/local/Cellar/gdal/2.4.1/include/cpl_port.h:187:6: error: Must have C++11 or newer.
#    error Must have C++11 or newer.
     ^
1 error generated.
configure:17010: $? = 1
configure: failed program was:
| /* confdefs.h */
| #define PACKAGE_NAME "sumo"
| #define PACKAGE_TARNAME "sumo"
| #define PACKAGE_VERSION "0.32.0"
| #define PACKAGE_STRING "sumo 0.32.0"
| #define PACKAGE_BUGREPORT ""
| #define PACKAGE_URL ""
| #define PACKAGE "sumo"
| #define VERSION "0.32.0"
| #define HAVE_SYS_TYPES_H 1
| #define HAVE_SYS_STAT_H 1
| #define HAVE_STDLIB_H 1
| #define HAVE_STRING_H 1
| #define HAVE_MEMORY_H 1
| #define HAVE_STRINGS_H 1
| #define HAVE_INTTYPES_H 1
| #define HAVE_STDINT_H 1
| #define HAVE_UNISTD_H 1
| #define HAVE_DLFCN_H 1
| #define LT_OBJDIR ".libs/"
| #define POSITION_EPS 0.1
| #define NUMERICAL_EPS 0.001
| #define VERSION_STRING "0.32.0"
| #define XERCES3_SIZE_t XMLSize_t
| /* end confdefs.h.  */
| #include <ogr_api.h>
configure:17010: result: no
configure:17010: WARNING: ogr_api.h: accepted by the compiler, rejected by the preprocessor!
configure:17010: WARNING: ogr_api.h: proceeding with the compiler's result
configure:17010: checking for ogr_api.h
configure:17010: result: yes
configure:17041: checking for fox-config
configure:17059: found /usr/local/bin/fox-config
configure:17071: result: /usr/local/bin/fox-config
configure:17102: checking fxver.h usability
configure:17102: clang++ -c -std=c++11 -O2 -DNDEBUG -stdlib=libc++ -std=gnu++11 -I/usr/local/Cellar/fox/1.6.56_1/include/fox-1.6 conftest.cpp >&5
configure:17102: $? = 0
configure:17102: result: yes
configure:17102: checking fxver.h presence
configure:17102: clang++ -E -I/usr/local/Cellar/fox/1.6.56_1/include/fox-1.6 conftest.cpp
configure:17102: $? = 0
configure:17102: result: yes
configure:17102: checking for fxver.h
configure:17102: result: yes
configure:17141: checking for gtest-config
configure:17174: result: no
configure:17328: checking for size_t
configure:17328: clang++ -c -std=c++11 -O2 -DNDEBUG -stdlib=libc++ -std=gnu++11 -I/opt/X11/include/ -I/opt/local/include conftest.cpp >&5
configure:17328: $? = 0
configure:17328: clang++ -c -std=c++11 -O2 -DNDEBUG -stdlib=libc++ -std=gnu++11 -I/opt/X11/include/ -I/opt/local/include conftest.cpp >&5
conftest.cpp:65:21: error: expected expression
if (sizeof ((size_t)))
                    ^
1 error generated.
configure:17328: $? = 1
configure: failed program was:
| /* confdefs.h */
| #define PACKAGE_NAME "sumo"
| #define PACKAGE_TARNAME "sumo"
| #define PACKAGE_VERSION "0.32.0"
| #define PACKAGE_STRING "sumo 0.32.0"
| #define PACKAGE_BUGREPORT ""
| #define PACKAGE_URL ""
| #define PACKAGE "sumo"
| #define VERSION "0.32.0"
| #define HAVE_SYS_TYPES_H 1
| #define HAVE_SYS_STAT_H 1
| #define HAVE_STDLIB_H 1
| #define HAVE_STRING_H 1
| #define HAVE_MEMORY_H 1
| #define HAVE_STRINGS_H 1
| #define HAVE_INTTYPES_H 1
| #define HAVE_STDINT_H 1
| #define HAVE_UNISTD_H 1
| #define HAVE_DLFCN_H 1
| #define LT_OBJDIR ".libs/"
| #define POSITION_EPS 0.1
| #define NUMERICAL_EPS 0.001
| #define VERSION_STRING "0.32.0"
| #define XERCES3_SIZE_t XMLSize_t
| #define HAVE_GDAL 1
| #define HAVE_FOX 1
| #define HAVE_ENABLED "x86_64-apple-darwin18.2.0 TRACI GDAL GUI"
| /* end confdefs.h.  */
| #include <stdio.h>
| #ifdef HAVE_SYS_TYPES_H
| # include <sys/types.h>
| #endif
| #ifdef HAVE_SYS_STAT_H
| # include <sys/stat.h>
| #endif
| #ifdef STDC_HEADERS
| # include <stdlib.h>
| # include <stddef.h>
| #else
| # ifdef HAVE_STDLIB_H
| #  include <stdlib.h>
| # endif
| #endif
| #ifdef HAVE_STRING_H
| # if !defined STDC_HEADERS && defined HAVE_MEMORY_H
| #  include <memory.h>
| # endif
| # include <string.h>
| #endif
| #ifdef HAVE_STRINGS_H
| # include <strings.h>
| #endif
| #ifdef HAVE_INTTYPES_H
| # include <inttypes.h>
| #endif
| #ifdef HAVE_STDINT_H
| # include <stdint.h>
| #endif
| #ifdef HAVE_UNISTD_H
| # include <unistd.h>
| #endif
| int
| main ()
| {
| if (sizeof ((size_t)))
| 	    return 0;
|   ;
|   return 0;
| }
configure:17328: result: yes
configure:17341: checking for working alloca.h
configure:17358: clang++ -o conftest -std=c++11 -O2 -DNDEBUG -stdlib=libc++ -std=gnu++11 -I/opt/X11/include/ -I/opt/local/include -L/opt/X11/lib -L/opt/local/lib conftest.cpp  >&5
ld: warning: directory not found for option '-L/opt/local/lib'
configure:17358: $? = 0
configure:17366: result: yes
configure:17374: checking for alloca
configure:17411: clang++ -o conftest -std=c++11 -O2 -DNDEBUG -stdlib=libc++ -std=gnu++11 -I/opt/X11/include/ -I/opt/local/include -L/opt/X11/lib -L/opt/local/lib conftest.cpp  >&5
ld: warning: directory not found for option '-L/opt/local/lib'
configure:17411: $? = 0
configure:17419: result: yes
configure:17525: checking for ANSI C header files
configure:17629: result: no
configure:17640: checking float.h usability
configure:17640: clang++ -c -std=c++11 -O2 -DNDEBUG -stdlib=libc++ -std=gnu++11 -I/opt/X11/include/ -I/opt/local/include conftest.cpp >&5
configure:17640: $? = 0
configure:17640: result: yes
configure:17640: checking float.h presence
configure:17640: clang++ -E -I/opt/X11/include/ -I/opt/local/include conftest.cpp
configure:17640: $? = 0
configure:17640: result: yes
configure:17640: checking for float.h
configure:17640: result: yes
configure:17640: checking limits.h usability
configure:17640: clang++ -c -std=c++11 -O2 -DNDEBUG -stdlib=libc++ -std=gnu++11 -I/opt/X11/include/ -I/opt/local/include conftest.cpp >&5
configure:17640: $? = 0
configure:17640: result: yes
configure:17640: checking limits.h presence
configure:17640: clang++ -E -I/opt/X11/include/ -I/opt/local/include conftest.cpp
configure:17640: $? = 0
configure:17640: result: yes
configure:17640: checking for limits.h
configure:17640: result: yes
configure:17640: checking malloc.h usability
configure:17640: clang++ -c -std=c++11 -O2 -DNDEBUG -stdlib=libc++ -std=gnu++11 -I/opt/X11/include/ -I/opt/local/include conftest.cpp >&5
conftest.cpp:66:10: fatal error: 'malloc.h' file not found
#include <malloc.h>
         ^~~~~~~~~~
1 error generated.
configure:17640: $? = 1
configure: failed program was:
| /* confdefs.h */
| #define PACKAGE_NAME "sumo"
| #define PACKAGE_TARNAME "sumo"
| #define PACKAGE_VERSION "0.32.0"
| #define PACKAGE_STRING "sumo 0.32.0"
| #define PACKAGE_BUGREPORT ""
| #define PACKAGE_URL ""
| #define PACKAGE "sumo"
| #define VERSION "0.32.0"
| #define HAVE_SYS_TYPES_H 1
| #define HAVE_SYS_STAT_H 1
| #define HAVE_STDLIB_H 1
| #define HAVE_STRING_H 1
| #define HAVE_MEMORY_H 1
| #define HAVE_STRINGS_H 1
| #define HAVE_INTTYPES_H 1
| #define HAVE_STDINT_H 1
| #define HAVE_UNISTD_H 1
| #define HAVE_DLFCN_H 1
| #define LT_OBJDIR ".libs/"
| #define POSITION_EPS 0.1
| #define NUMERICAL_EPS 0.001
| #define VERSION_STRING "0.32.0"
| #define XERCES3_SIZE_t XMLSize_t
| #define HAVE_GDAL 1
| #define HAVE_FOX 1
| #define HAVE_ENABLED "x86_64-apple-darwin18.2.0 TRACI GDAL GUI"
| #define HAVE_ALLOCA_H 1
| #define HAVE_ALLOCA 1
| #define HAVE_FLOAT_H 1
| #define HAVE_LIMITS_H 1
| /* end confdefs.h.  */
| #include <stdio.h>
| #ifdef HAVE_SYS_TYPES_H
| # include <sys/types.h>
| #endif
| #ifdef HAVE_SYS_STAT_H
| # include <sys/stat.h>
| #endif
| #ifdef STDC_HEADERS
| # include <stdlib.h>
| # include <stddef.h>
| #else
| # ifdef HAVE_STDLIB_H
| #  include <stdlib.h>
| # endif
| #endif
| #ifdef HAVE_STRING_H
| # if !defined STDC_HEADERS && defined HAVE_MEMORY_H
| #  include <memory.h>
| # endif
| # include <string.h>
| #endif
| #ifdef HAVE_STRINGS_H
| # include <strings.h>
| #endif
| #ifdef HAVE_INTTYPES_H
| # include <inttypes.h>
| #endif
| #ifdef HAVE_STDINT_H
| # include <stdint.h>
| #endif
| #ifdef HAVE_UNISTD_H
| # include <unistd.h>
| #endif
| #include <malloc.h>
configure:17640: result: no
configure:17640: checking malloc.h presence
configure:17640: clang++ -E -I/opt/X11/include/ -I/opt/local/include conftest.cpp
conftest.cpp:33:10: fatal error: 'malloc.h' file not found
#include <malloc.h>
         ^~~~~~~~~~
1 error generated.
configure:17640: $? = 1
configure: failed program was:
| /* confdefs.h */
| #define PACKAGE_NAME "sumo"
| #define PACKAGE_TARNAME "sumo"
| #define PACKAGE_VERSION "0.32.0"
| #define PACKAGE_STRING "sumo 0.32.0"
| #define PACKAGE_BUGREPORT ""
| #define PACKAGE_URL ""
| #define PACKAGE "sumo"
| #define VERSION "0.32.0"
| #define HAVE_SYS_TYPES_H 1
| #define HAVE_SYS_STAT_H 1
| #define HAVE_STDLIB_H 1
| #define HAVE_STRING_H 1
| #define HAVE_MEMORY_H 1
| #define HAVE_STRINGS_H 1
| #define HAVE_INTTYPES_H 1
| #define HAVE_STDINT_H 1
| #define HAVE_UNISTD_H 1
| #define HAVE_DLFCN_H 1
| #define LT_OBJDIR ".libs/"
| #define POSITION_EPS 0.1
| #define NUMERICAL_EPS 0.001
| #define VERSION_STRING "0.32.0"
| #define XERCES3_SIZE_t XMLSize_t
| #define HAVE_GDAL 1
| #define HAVE_FOX 1
| #define HAVE_ENABLED "x86_64-apple-darwin18.2.0 TRACI GDAL GUI"
| #define HAVE_ALLOCA_H 1
| #define HAVE_ALLOCA 1
| #define HAVE_FLOAT_H 1
| #define HAVE_LIMITS_H 1
| /* end confdefs.h.  */
| #include <malloc.h>
configure:17640: result: no
configure:17640: checking for malloc.h
configure:17640: result: no
configure:17640: checking math.h usability
configure:17640: clang++ -c -std=c++11 -O2 -DNDEBUG -stdlib=libc++ -std=gnu++11 -I/opt/X11/include/ -I/opt/local/include conftest.cpp >&5
configure:17640: $? = 0
configure:17640: result: yes
configure:17640: checking math.h presence
configure:17640: clang++ -E -I/opt/X11/include/ -I/opt/local/include conftest.cpp
configure:17640: $? = 0
configure:17640: result: yes
configure:17640: checking for math.h
configure:17640: result: yes
configure:17640: checking stddef.h usability
configure:17640: clang++ -c -std=c++11 -O2 -DNDEBUG -stdlib=libc++ -std=gnu++11 -I/opt/X11/include/ -I/opt/local/include conftest.cpp >&5
configure:17640: $? = 0
configure:17640: result: yes
configure:17640: checking stddef.h presence
configure:17640: clang++ -E -I/opt/X11/include/ -I/opt/local/include conftest.cpp
configure:17640: $? = 0
configure:17640: result: yes
configure:17640: checking for stddef.h
configure:17640: result: yes
configure:17640: checking for stdlib.h
configure:17640: result: yes
configure:17640: checking for string.h
configure:17640: result: yes
configure:17640: checking sys/time.h usability
configure:17640: clang++ -c -std=c++11 -O2 -DNDEBUG -stdlib=libc++ -std=gnu++11 -I/opt/X11/include/ -I/opt/local/include conftest.cpp >&5
configure:17640: $? = 0
configure:17640: result: yes
configure:17640: checking sys/time.h presence
configure:17640: clang++ -E -I/opt/X11/include/ -I/opt/local/include conftest.cpp
configure:17640: $? = 0
configure:17640: result: yes
configure:17640: checking for sys/time.h
configure:17640: result: yes
configure:17640: checking for unistd.h
configure:17640: result: yes
configure:17640: checking wchar.h usability
configure:17640: clang++ -c -std=c++11 -O2 -DNDEBUG -stdlib=libc++ -std=gnu++11 -I/opt/X11/include/ -I/opt/local/include conftest.cpp >&5
configure:17640: $? = 0
configure:17640: result: yes
configure:17640: checking wchar.h presence
configure:17640: clang++ -E -I/opt/X11/include/ -I/opt/local/include conftest.cpp
configure:17640: $? = 0
configure:17640: result: yes
configure:17640: checking for wchar.h
configure:17640: result: yes
configure:17651: checking for stdbool.h that conforms to C99
configure:17718: clang++ -c -std=c++11 -O2 -DNDEBUG -stdlib=libc++ -std=gnu++11 -I/opt/X11/include/ -I/opt/local/include conftest.cpp >&5
conftest.cpp:43:15: error: expected unqualified-id
              "error: bool is not defined"
              ^
conftest.cpp:61:48: error: C++ requires a type specifier for all declarations
             struct s { _Bool s: 1; _Bool t; } s;
                                               ^
2 errors generated.
configure:17718: $? = 1
configure: failed program was:
| /* confdefs.h */
| #define PACKAGE_NAME "sumo"
| #define PACKAGE_TARNAME "sumo"
| #define PACKAGE_VERSION "0.32.0"
| #define PACKAGE_STRING "sumo 0.32.0"
| #define PACKAGE_BUGREPORT ""
| #define PACKAGE_URL ""
| #define PACKAGE "sumo"
| #define VERSION "0.32.0"
| #define HAVE_SYS_TYPES_H 1
| #define HAVE_SYS_STAT_H 1
| #define HAVE_STDLIB_H 1
| #define HAVE_STRING_H 1
| #define HAVE_MEMORY_H 1
| #define HAVE_STRINGS_H 1
| #define HAVE_INTTYPES_H 1
| #define HAVE_STDINT_H 1
| #define HAVE_UNISTD_H 1
| #define HAVE_DLFCN_H 1
| #define LT_OBJDIR ".libs/"
| #define POSITION_EPS 0.1
| #define NUMERICAL_EPS 0.001
| #define VERSION_STRING "0.32.0"
| #define XERCES3_SIZE_t XMLSize_t
| #define HAVE_GDAL 1
| #define HAVE_FOX 1
| #define HAVE_ENABLED "x86_64-apple-darwin18.2.0 TRACI GDAL GUI"
| #define HAVE_ALLOCA_H 1
| #define HAVE_ALLOCA 1
| #define HAVE_FLOAT_H 1
| #define HAVE_LIMITS_H 1
| #define HAVE_MATH_H 1
| #define HAVE_STDDEF_H 1
| #define HAVE_STDLIB_H 1
| #define HAVE_STRING_H 1
| #define HAVE_SYS_TIME_H 1
| #define HAVE_UNISTD_H 1
| #define HAVE_WCHAR_H 1
| /* end confdefs.h.  */
| 
|              #include <stdbool.h>
|              #ifndef bool
|               "error: bool is not defined"
|              #endif
|              #ifndef false
|               "error: false is not defined"
|              #endif
|              #if false
|               "error: false is not 0"
|              #endif
|              #ifndef true
|               "error: true is not defined"
|              #endif
|              #if true != 1
|               "error: true is not 1"
|              #endif
|              #ifndef __bool_true_false_are_defined
|               "error: __bool_true_false_are_defined is not defined"
|              #endif
| 
|              struct s { _Bool s: 1; _Bool t; } s;
| 
|              char a[true == 1 ? 1 : -1];
|              char b[false == 0 ? 1 : -1];
|              char c[__bool_true_false_are_defined == 1 ? 1 : -1];
|              char d[(bool) 0.5 == true ? 1 : -1];
|              /* See body of main program for 'e'.  */
|              char f[(_Bool) 0.0 == false ? 1 : -1];
|              char g[true];
|              char h[sizeof (_Bool)];
|              char i[sizeof s.t];
|              enum { j = false, k = true, l = false * true, m = true * 256 };
|              /* The following fails for
|                 HP aC++/ANSI C B3910B A.05.55 [Dec 04 2003]. */
|              _Bool n[m];
|              char o[sizeof n == m * sizeof n[0] ? 1 : -1];
|              char p[-1 - (_Bool) 0 < 0 && -1 - (bool) 0 < 0 ? 1 : -1];
|              /* Catch a bug in an HP-UX C compiler.  See
|                 http://gcc.gnu.org/ml/gcc-patches/2003-12/msg02303.html
|                 http://lists.gnu.org/archive/html/bug-coreutils/2005-11/msg00161.html
|               */
|              _Bool q = true;
|              _Bool *pq = &q;
| 
| int
| main ()
| {
| 
|              bool e = &s;
|              *pq |= q;
|              *pq |= ! q;
|              /* Refer to every declared value, to avoid compiler optimizations.  */
|              return (!a + !b + !c + !d + !e + !f + !g + !h + !i + !!j + !k + !!l
|                      + !m + !n + !o + !p + !q + !pq);
| 
|   ;
|   return 0;
| }
configure:17725: result: no
configure:17727: checking for _Bool
configure:17727: clang++ -c -std=c++11 -O2 -DNDEBUG -stdlib=libc++ -std=gnu++11 -I/opt/X11/include/ -I/opt/local/include conftest.cpp >&5
conftest.cpp:76:13: error: use of undeclared identifier '_Bool'
if (sizeof (_Bool))
            ^
1 error generated.
configure:17727: $? = 1
configure: failed program was:
| /* confdefs.h */
| #define PACKAGE_NAME "sumo"
| #define PACKAGE_TARNAME "sumo"
| #define PACKAGE_VERSION "0.32.0"
| #define PACKAGE_STRING "sumo 0.32.0"
| #define PACKAGE_BUGREPORT ""
| #define PACKAGE_URL ""
| #define PACKAGE "sumo"
| #define VERSION "0.32.0"
| #define HAVE_SYS_TYPES_H 1
| #define HAVE_SYS_STAT_H 1
| #define HAVE_STDLIB_H 1
| #define HAVE_STRING_H 1
| #define HAVE_MEMORY_H 1
| #define HAVE_STRINGS_H 1
| #define HAVE_INTTYPES_H 1
| #define HAVE_STDINT_H 1
| #define HAVE_UNISTD_H 1
| #define HAVE_DLFCN_H 1
| #define LT_OBJDIR ".libs/"
| #define POSITION_EPS 0.1
| #define NUMERICAL_EPS 0.001
| #define VERSION_STRING "0.32.0"
| #define XERCES3_SIZE_t XMLSize_t
| #define HAVE_GDAL 1
| #define HAVE_FOX 1
| #define HAVE_ENABLED "x86_64-apple-darwin18.2.0 TRACI GDAL GUI"
| #define HAVE_ALLOCA_H 1
| #define HAVE_ALLOCA 1
| #define HAVE_FLOAT_H 1
| #define HAVE_LIMITS_H 1
| #define HAVE_MATH_H 1
| #define HAVE_STDDEF_H 1
| #define HAVE_STDLIB_H 1
| #define HAVE_STRING_H 1
| #define HAVE_SYS_TIME_H 1
| #define HAVE_UNISTD_H 1
| #define HAVE_WCHAR_H 1
| /* end confdefs.h.  */
| #include <stdio.h>
| #ifdef HAVE_SYS_TYPES_H
| # include <sys/types.h>
| #endif
| #ifdef HAVE_SYS_STAT_H
| # include <sys/stat.h>
| #endif
| #ifdef STDC_HEADERS
| # include <stdlib.h>
| # include <stddef.h>
| #else
| # ifdef HAVE_STDLIB_H
| #  include <stdlib.h>
| # endif
| #endif
| #ifdef HAVE_STRING_H
| # if !defined STDC_HEADERS && defined HAVE_MEMORY_H
| #  include <memory.h>
| # endif
| # include <string.h>
| #endif
| #ifdef HAVE_STRINGS_H
| # include <strings.h>
| #endif
| #ifdef HAVE_INTTYPES_H
| # include <inttypes.h>
| #endif
| #ifdef HAVE_STDINT_H
| # include <stdint.h>
| #endif
| #ifdef HAVE_UNISTD_H
| # include <unistd.h>
| #endif
| int
| main ()
| {
| if (sizeof (_Bool))
| 	 return 0;
|   ;
|   return 0;
| }
configure:17727: result: no
configure:17744: checking for an ANSI C-conforming const
configure:17810: clang++ -c -std=c++11 -O2 -DNDEBUG -stdlib=libc++ -std=gnu++11 -I/opt/X11/include/ -I/opt/local/include conftest.cpp >&5
configure:17810: $? = 0
configure:17817: result: yes
configure:17825: checking for inline
configure:17841: clang++ -c -std=c++11 -O2 -DNDEBUG -stdlib=libc++ -std=gnu++11 -I/opt/X11/include/ -I/opt/local/include conftest.cpp >&5
configure:17841: $? = 0
configure:17849: result: inline
configure:17867: checking for size_t
configure:17867: result: yes
configure:17878: checking whether time.h and sys/time.h may both be included
configure:17898: clang++ -c -std=c++11 -O2 -DNDEBUG -stdlib=libc++ -std=gnu++11 -I/opt/X11/include/ -I/opt/local/include conftest.cpp >&5
configure:17898: $? = 0
configure:17905: result: yes
configure:17913: checking whether struct tm is in sys/time.h or time.h
configure:17933: clang++ -c -std=c++11 -O2 -DNDEBUG -stdlib=libc++ -std=gnu++11 -I/opt/X11/include/ -I/opt/local/include conftest.cpp >&5
configure:17933: $? = 0
configure:17940: result: time.h
configure:17948: checking for working volatile
configure:17967: clang++ -c -std=c++11 -O2 -DNDEBUG -stdlib=libc++ -std=gnu++11 -I/opt/X11/include/ -I/opt/local/include conftest.cpp >&5
configure:17967: $? = 0
configure:17974: result: yes
configure:17983: checking for error_at_line
configure:17999: clang++ -o conftest -std=c++11 -O2 -DNDEBUG -stdlib=libc++ -std=gnu++11 -I/opt/X11/include/ -I/opt/local/include -L/opt/X11/lib -L/opt/local/lib conftest.cpp  >&5
conftest.cpp:41:10: fatal error: 'error.h' file not found
#include <error.h>
         ^~~~~~~~~
1 error generated.
configure:17999: $? = 1
configure: failed program was:
| /* confdefs.h */
| #define PACKAGE_NAME "sumo"
| #define PACKAGE_TARNAME "sumo"
| #define PACKAGE_VERSION "0.32.0"
| #define PACKAGE_STRING "sumo 0.32.0"
| #define PACKAGE_BUGREPORT ""
| #define PACKAGE_URL ""
| #define PACKAGE "sumo"
| #define VERSION "0.32.0"
| #define HAVE_SYS_TYPES_H 1
| #define HAVE_SYS_STAT_H 1
| #define HAVE_STDLIB_H 1
| #define HAVE_STRING_H 1
| #define HAVE_MEMORY_H 1
| #define HAVE_STRINGS_H 1
| #define HAVE_INTTYPES_H 1
| #define HAVE_STDINT_H 1
| #define HAVE_UNISTD_H 1
| #define HAVE_DLFCN_H 1
| #define LT_OBJDIR ".libs/"
| #define POSITION_EPS 0.1
| #define NUMERICAL_EPS 0.001
| #define VERSION_STRING "0.32.0"
| #define XERCES3_SIZE_t XMLSize_t
| #define HAVE_GDAL 1
| #define HAVE_FOX 1
| #define HAVE_ENABLED "x86_64-apple-darwin18.2.0 TRACI GDAL GUI"
| #define HAVE_ALLOCA_H 1
| #define HAVE_ALLOCA 1
| #define HAVE_FLOAT_H 1
| #define HAVE_LIMITS_H 1
| #define HAVE_MATH_H 1
| #define HAVE_STDDEF_H 1
| #define HAVE_STDLIB_H 1
| #define HAVE_STRING_H 1
| #define HAVE_SYS_TIME_H 1
| #define HAVE_UNISTD_H 1
| #define HAVE_WCHAR_H 1
| #define TIME_WITH_SYS_TIME 1
| /* end confdefs.h.  */
| #include <error.h>
| int
| main ()
| {
| error_at_line (0, 0, "", 0, "an error occurred");
|   ;
|   return 0;
| }
configure:18007: result: no
configure:18021: checking sys/select.h usability
configure:18021: clang++ -c -std=c++11 -O2 -DNDEBUG -stdlib=libc++ -std=gnu++11 -I/opt/X11/include/ -I/opt/local/include conftest.cpp >&5
configure:18021: $? = 0
configure:18021: result: yes
configure:18021: checking sys/select.h presence
configure:18021: clang++ -E -I/opt/X11/include/ -I/opt/local/include conftest.cpp
configure:18021: $? = 0
configure:18021: result: yes
configure:18021: checking for sys/select.h
configure:18021: result: yes
configure:18021: checking sys/socket.h usability
configure:18021: clang++ -c -std=c++11 -O2 -DNDEBUG -stdlib=libc++ -std=gnu++11 -I/opt/X11/include/ -I/opt/local/include conftest.cpp >&5
configure:18021: $? = 0
configure:18021: result: yes
configure:18021: checking sys/socket.h presence
configure:18021: clang++ -E -I/opt/X11/include/ -I/opt/local/include conftest.cpp
configure:18021: $? = 0
configure:18021: result: yes
configure:18021: checking for sys/socket.h
configure:18021: result: yes
configure:18031: checking types of arguments for select
configure:18059: clang++ -c -std=c++11 -O2 -DNDEBUG -stdlib=libc++ -std=gnu++11 -I/opt/X11/include/ -I/opt/local/include conftest.cpp >&5
configure:18059: $? = 0
configure:18070: result: int,fd_set *,struct timeval *
configure:18093: checking return type of signal handlers
configure:18111: clang++ -c -std=c++11 -O2 -DNDEBUG -stdlib=libc++ -std=gnu++11 -I/opt/X11/include/ -I/opt/local/include conftest.cpp >&5
conftest.cpp:52:8: error: indirection requires pointer operand ('void' invalid)
return *(signal (0, 0)) (0) == 1;
       ^~~~~~~~~~~~~~~~~~~~
1 error generated.
configure:18111: $? = 1
configure: failed program was:
| /* confdefs.h */
| #define PACKAGE_NAME "sumo"
| #define PACKAGE_TARNAME "sumo"
| #define PACKAGE_VERSION "0.32.0"
| #define PACKAGE_STRING "sumo 0.32.0"
| #define PACKAGE_BUGREPORT ""
| #define PACKAGE_URL ""
| #define PACKAGE "sumo"
| #define VERSION "0.32.0"
| #define HAVE_SYS_TYPES_H 1
| #define HAVE_SYS_STAT_H 1
| #define HAVE_STDLIB_H 1
| #define HAVE_STRING_H 1
| #define HAVE_MEMORY_H 1
| #define HAVE_STRINGS_H 1
| #define HAVE_INTTYPES_H 1
| #define HAVE_STDINT_H 1
| #define HAVE_UNISTD_H 1
| #define HAVE_DLFCN_H 1
| #define LT_OBJDIR ".libs/"
| #define POSITION_EPS 0.1
| #define NUMERICAL_EPS 0.001
| #define VERSION_STRING "0.32.0"
| #define XERCES3_SIZE_t XMLSize_t
| #define HAVE_GDAL 1
| #define HAVE_FOX 1
| #define HAVE_ENABLED "x86_64-apple-darwin18.2.0 TRACI GDAL GUI"
| #define HAVE_ALLOCA_H 1
| #define HAVE_ALLOCA 1
| #define HAVE_FLOAT_H 1
| #define HAVE_LIMITS_H 1
| #define HAVE_MATH_H 1
| #define HAVE_STDDEF_H 1
| #define HAVE_STDLIB_H 1
| #define HAVE_STRING_H 1
| #define HAVE_SYS_TIME_H 1
| #define HAVE_UNISTD_H 1
| #define HAVE_WCHAR_H 1
| #define TIME_WITH_SYS_TIME 1
| #define HAVE_SYS_SELECT_H 1
| #define HAVE_SYS_SOCKET_H 1
| #define SELECT_TYPE_ARG1 int
| #define SELECT_TYPE_ARG234 (fd_set *)
| #define SELECT_TYPE_ARG5 (struct timeval *)
| /* end confdefs.h.  */
| #include <sys/types.h>
| #include <signal.h>
| 
| int
| main ()
| {
| return *(signal (0, 0)) (0) == 1;
|   ;
|   return 0;
| }
configure:18118: result: void
configure:18126: checking whether lstat correctly handles trailing slash
configure:18152: clang++ -o conftest -std=c++11 -O2 -DNDEBUG -stdlib=libc++ -std=gnu++11 -I/opt/X11/include/ -I/opt/local/include -L/opt/X11/lib -L/opt/local/lib conftest.cpp  >&5
ld: warning: directory not found for option '-L/opt/local/lib'
configure:18152: $? = 0
configure:18152: ./conftest
configure:18152: $? = 1
configure: program exited with status 1
configure: failed program was:
| /* confdefs.h */
| #define PACKAGE_NAME "sumo"
| #define PACKAGE_TARNAME "sumo"
| #define PACKAGE_VERSION "0.32.0"
| #define PACKAGE_STRING "sumo 0.32.0"
| #define PACKAGE_BUGREPORT ""
| #define PACKAGE_URL ""
| #define PACKAGE "sumo"
| #define VERSION "0.32.0"
| #define HAVE_SYS_TYPES_H 1
| #define HAVE_SYS_STAT_H 1
| #define HAVE_STDLIB_H 1
| #define HAVE_STRING_H 1
| #define HAVE_MEMORY_H 1
| #define HAVE_STRINGS_H 1
| #define HAVE_INTTYPES_H 1
| #define HAVE_STDINT_H 1
| #define HAVE_UNISTD_H 1
| #define HAVE_DLFCN_H 1
| #define LT_OBJDIR ".libs/"
| #define POSITION_EPS 0.1
| #define NUMERICAL_EPS 0.001
| #define VERSION_STRING "0.32.0"
| #define XERCES3_SIZE_t XMLSize_t
| #define HAVE_GDAL 1
| #define HAVE_FOX 1
| #define HAVE_ENABLED "x86_64-apple-darwin18.2.0 TRACI GDAL GUI"
| #define HAVE_ALLOCA_H 1
| #define HAVE_ALLOCA 1
| #define HAVE_FLOAT_H 1
| #define HAVE_LIMITS_H 1
| #define HAVE_MATH_H 1
| #define HAVE_STDDEF_H 1
| #define HAVE_STDLIB_H 1
| #define HAVE_STRING_H 1
| #define HAVE_SYS_TIME_H 1
| #define HAVE_UNISTD_H 1
| #define HAVE_WCHAR_H 1
| #define TIME_WITH_SYS_TIME 1
| #define HAVE_SYS_SELECT_H 1
| #define HAVE_SYS_SOCKET_H 1
| #define SELECT_TYPE_ARG1 int
| #define SELECT_TYPE_ARG234 (fd_set *)
| #define SELECT_TYPE_ARG5 (struct timeval *)
| #define RETSIGTYPE void
| /* end confdefs.h.  */
| #include <stdio.h>
| #ifdef HAVE_SYS_TYPES_H
| # include <sys/types.h>
| #endif
| #ifdef HAVE_SYS_STAT_H
| # include <sys/stat.h>
| #endif
| #ifdef STDC_HEADERS
| # include <stdlib.h>
| # include <stddef.h>
| #else
| # ifdef HAVE_STDLIB_H
| #  include <stdlib.h>
| # endif
| #endif
| #ifdef HAVE_STRING_H
| # if !defined STDC_HEADERS && defined HAVE_MEMORY_H
| #  include <memory.h>
| # endif
| # include <string.h>
| #endif
| #ifdef HAVE_STRINGS_H
| # include <strings.h>
| #endif
| #ifdef HAVE_INTTYPES_H
| # include <inttypes.h>
| #endif
| #ifdef HAVE_STDINT_H
| # include <stdint.h>
| #endif
| #ifdef HAVE_UNISTD_H
| # include <unistd.h>
| #endif
| int
| main ()
| {
| struct stat sbuf;
|      /* Linux will dereference the symlink and fail, as required by POSIX.
| 	That is better in the sense that it means we will not
| 	have to compile and use the lstat wrapper.  */
|      return lstat ("conftest.sym/", &sbuf) == 0;
|   ;
|   return 0;
| }
configure:18169: result: no
configure:18188: checking whether stat accepts an empty string
configure:18208: clang++ -o conftest -std=c++11 -O2 -DNDEBUG -stdlib=libc++ -std=gnu++11 -I/opt/X11/include/ -I/opt/local/include -L/opt/X11/lib -L/opt/local/lib conftest.cpp  >&5
ld: warning: directory not found for option '-L/opt/local/lib'
configure:18208: $? = 0
configure:18208: ./conftest
configure:18208: $? = 0
configure:18218: result: no
configure:18237: checking for floor
configure:18237: clang++ -o conftest -std=c++11 -O2 -DNDEBUG -stdlib=libc++ -std=gnu++11 -I/opt/X11/include/ -I/opt/local/include -L/opt/X11/lib -L/opt/local/lib conftest.cpp  >&5
ld: warning: directory not found for option '-L/opt/local/lib'
configure:18237: $? = 0
configure:18237: result: yes
configure:18237: checking for getcwd
configure:18237: clang++ -o conftest -std=c++11 -O2 -DNDEBUG -stdlib=libc++ -std=gnu++11 -I/opt/X11/include/ -I/opt/local/include -L/opt/X11/lib -L/opt/local/lib conftest.cpp  >&5
ld: warning: directory not found for option '-L/opt/local/lib'
configure:18237: $? = 0
configure:18237: result: yes
configure:18237: checking for gettimeofday
configure:18237: clang++ -o conftest -std=c++11 -O2 -DNDEBUG -stdlib=libc++ -std=gnu++11 -I/opt/X11/include/ -I/opt/local/include -L/opt/X11/lib -L/opt/local/lib conftest.cpp  >&5
ld: warning: directory not found for option '-L/opt/local/lib'
configure:18237: $? = 0
configure:18237: result: yes
configure:18237: checking for memset
configure:18237: clang++ -o conftest -std=c++11 -O2 -DNDEBUG -stdlib=libc++ -std=gnu++11 -I/opt/X11/include/ -I/opt/local/include -L/opt/X11/lib -L/opt/local/lib conftest.cpp  >&5
ld: warning: directory not found for option '-L/opt/local/lib'
configure:18237: $? = 0
configure:18237: result: yes
configure:18237: checking for pow
configure:18237: clang++ -o conftest -std=c++11 -O2 -DNDEBUG -stdlib=libc++ -std=gnu++11 -I/opt/X11/include/ -I/opt/local/include -L/opt/X11/lib -L/opt/local/lib conftest.cpp  >&5
ld: warning: directory not found for option '-L/opt/local/lib'
configure:18237: $? = 0
configure:18237: result: yes
configure:18237: checking for select
configure:18237: clang++ -o conftest -std=c++11 -O2 -DNDEBUG -stdlib=libc++ -std=gnu++11 -I/opt/X11/include/ -I/opt/local/include -L/opt/X11/lib -L/opt/local/lib conftest.cpp  >&5
ld: warning: directory not found for option '-L/opt/local/lib'
configure:18237: $? = 0
configure:18237: result: yes
configure:18237: checking for socket
configure:18237: clang++ -o conftest -std=c++11 -O2 -DNDEBUG -stdlib=libc++ -std=gnu++11 -I/opt/X11/include/ -I/opt/local/include -L/opt/X11/lib -L/opt/local/lib conftest.cpp  >&5
ld: warning: directory not found for option '-L/opt/local/lib'
configure:18237: $? = 0
configure:18237: result: yes
configure:18237: checking for sqrt
configure:18237: clang++ -o conftest -std=c++11 -O2 -DNDEBUG -stdlib=libc++ -std=gnu++11 -I/opt/X11/include/ -I/opt/local/include -L/opt/X11/lib -L/opt/local/lib conftest.cpp  >&5
ld: warning: directory not found for option '-L/opt/local/lib'
configure:18237: $? = 0
configure:18237: result: yes
configure:18359: checking that generated files are newer than configure
configure:18365: result: done
configure:18408: creating ./config.status

## ---------------------- ##
## Running config.status. ##
## ---------------------- ##

This file was extended by sumo config.status 0.32.0, which was
generated by GNU Autoconf 2.69.  Invocation command line was

  CONFIG_FILES    = 
  CONFIG_HEADERS  = 
  CONFIG_LINKS    = 
  CONFIG_COMMANDS = 
  $ ./config.status 

on MacBook-Pro-7.lan

config.status:1291: creating src/Makefile
config.status:1291: creating src/activitygen/Makefile
config.status:1291: creating src/activitygen/activities/Makefile
config.status:1291: creating src/activitygen/city/Makefile
config.status:1291: creating src/foreign/Makefile
config.status:1291: creating src/foreign/eulerspiral/Makefile
config.status:1291: creating src/foreign/fontstash/Makefile
config.status:1291: creating src/foreign/gl2ps/Makefile
config.status:1291: creating src/foreign/PHEMlight/Makefile
config.status:1291: creating src/foreign/PHEMlight/cpp/Makefile
config.status:1291: creating src/foreign/rtree/Makefile
config.status:1291: creating src/foreign/tcpip/Makefile
config.status:1291: creating src/gui/Makefile
config.status:1291: creating src/gui/dialogs/Makefile
config.status:1291: creating src/guinetload/Makefile
config.status:1291: creating src/guisim/Makefile
config.status:1291: creating src/microsim/Makefile
config.status:1291: creating src/microsim/actions/Makefile
config.status:1291: creating src/microsim/cfmodels/Makefile
config.status:1291: creating src/microsim/devices/Makefile
config.status:1291: creating src/microsim/lcmodels/Makefile
config.status:1291: creating src/microsim/logging/Makefile
config.status:1291: creating src/microsim/output/Makefile
config.status:1291: creating src/microsim/pedestrians/Makefile
config.status:1291: creating src/microsim/traffic_lights/Makefile
config.status:1291: creating src/microsim/trigger/Makefile
config.status:1291: creating src/marouter/Makefile
config.status:1291: creating src/netbuild/Makefile
config.status:1291: creating src/netedit/Makefile
config.status:1291: creating src/mesogui/Makefile
config.status:1291: creating src/mesosim/Makefile
config.status:1291: creating src/osgview/Makefile
config.status:1291: creating src/netgen/Makefile
config.status:1291: creating src/netimport/Makefile
config.status:1291: creating src/netimport/vissim/Makefile
config.status:1291: creating src/netimport/vissim/tempstructs/Makefile
config.status:1291: creating src/netimport/vissim/typeloader/Makefile
config.status:1291: creating src/netload/Makefile
config.status:1291: creating src/netwrite/Makefile
config.status:1291: creating src/od/Makefile
config.status:1291: creating src/polyconvert/Makefile
config.status:1291: creating src/router/Makefile
config.status:1291: creating src/dfrouter/Makefile
config.status:1291: creating src/duarouter/Makefile
config.status:1291: creating src/jtrrouter/Makefile
config.status:1291: creating src/tools/Makefile
config.status:1291: creating src/traci_testclient/Makefile
config.status:1291: creating src/traci-server/Makefile
config.status:1291: creating src/libsumo/Makefile
config.status:1291: creating src/utils/Makefile
config.status:1291: creating src/utils/common/Makefile
config.status:1291: creating src/utils/distribution/Makefile
config.status:1291: creating src/utils/emissions/Makefile
config.status:1291: creating src/utils/foxtools/Makefile
config.status:1291: creating src/utils/geom/Makefile
config.status:1291: creating src/utils/gui/Makefile
config.status:1291: creating src/utils/gui/div/Makefile
config.status:1291: creating src/utils/gui/events/Makefile
config.status:1291: creating src/utils/gui/globjects/Makefile
config.status:1291: creating src/utils/gui/images/Makefile
config.status:1291: creating src/utils/gui/settings/Makefile
config.status:1291: creating src/utils/gui/tracker/Makefile
config.status:1291: creating src/utils/gui/windows/Makefile
config.status:1291: creating src/utils/importio/Makefile
config.status:1291: creating src/utils/iodevices/Makefile
config.status:1291: creating src/utils/options/Makefile
config.status:1291: creating src/utils/shapes/Makefile
config.status:1291: creating src/utils/traci/Makefile
config.status:1291: creating src/utils/vehicle/Makefile
config.status:1291: creating src/utils/xml/Makefile
config.status:1291: creating unittest/Makefile
config.status:1291: creating unittest/src/Makefile
config.status:1291: creating unittest/src/microsim/Makefile
config.status:1291: creating unittest/src/netbuild/Makefile
config.status:1291: creating unittest/src/utils/Makefile
config.status:1291: creating unittest/src/utils/common/Makefile
config.status:1291: creating unittest/src/utils/foxtools/Makefile
config.status:1291: creating unittest/src/utils/geom/Makefile
config.status:1291: creating unittest/src/utils/iodevices/Makefile
config.status:1291: creating bin/Makefile
config.status:1291: creating Makefile
config.status:1291: creating src/config.h
config.status:1520: executing depfiles commands
config.status:1597: cd src       && sed -e '/# am--include-marker/d' Makefile         | make -f - am--depfiles
config.status:1602: $? = 0
config.status:1597: cd src/activitygen       && sed -e '/# am--include-marker/d' Makefile         | make -f - am--depfiles
config.status:1602: $? = 0
config.status:1597: cd src/activitygen/activities       && sed -e '/# am--include-marker/d' Makefile         | make -f - am--depfiles
config.status:1602: $? = 0
config.status:1597: cd src/activitygen/city       && sed -e '/# am--include-marker/d' Makefile         | make -f - am--depfiles
config.status:1602: $? = 0
config.status:1597: cd src/foreign/eulerspiral       && sed -e '/# am--include-marker/d' Makefile         | make -f - am--depfiles
config.status:1602: $? = 0
config.status:1597: cd src/foreign/gl2ps       && sed -e '/# am--include-marker/d' Makefile         | make -f - am--depfiles
config.status:1602: $? = 0
config.status:1597: cd src/foreign/PHEMlight/cpp       && sed -e '/# am--include-marker/d' Makefile         | make -f - am--depfiles
config.status:1602: $? = 0
config.status:1597: cd src/foreign/tcpip       && sed -e '/# am--include-marker/d' Makefile         | make -f - am--depfiles
config.status:1602: $? = 0
config.status:1597: cd src/gui       && sed -e '/# am--include-marker/d' Makefile         | make -f - am--depfiles
config.status:1602: $? = 0
config.status:1597: cd src/gui/dialogs       && sed -e '/# am--include-marker/d' Makefile         | make -f - am--depfiles
config.status:1602: $? = 0
config.status:1597: cd src/guinetload       && sed -e '/# am--include-marker/d' Makefile         | make -f - am--depfiles
config.status:1602: $? = 0
config.status:1597: cd src/guisim       && sed -e '/# am--include-marker/d' Makefile         | make -f - am--depfiles
config.status:1602: $? = 0
config.status:1597: cd src/microsim       && sed -e '/# am--include-marker/d' Makefile         | make -f - am--depfiles
config.status:1602: $? = 0
config.status:1597: cd src/microsim/actions       && sed -e '/# am--include-marker/d' Makefile         | make -f - am--depfiles
config.status:1602: $? = 0
config.status:1597: cd src/microsim/cfmodels       && sed -e '/# am--include-marker/d' Makefile         | make -f - am--depfiles
config.status:1602: $? = 0
config.status:1597: cd src/microsim/devices       && sed -e '/# am--include-marker/d' Makefile         | make -f - am--depfiles
config.status:1602: $? = 0
config.status:1597: cd src/microsim/lcmodels       && sed -e '/# am--include-marker/d' Makefile         | make -f - am--depfiles
config.status:1602: $? = 0
config.status:1597: cd src/microsim/output       && sed -e '/# am--include-marker/d' Makefile         | make -f - am--depfiles
config.status:1602: $? = 0
config.status:1597: cd src/microsim/pedestrians       && sed -e '/# am--include-marker/d' Makefile         | make -f - am--depfiles
config.status:1602: $? = 0
config.status:1597: cd src/microsim/traffic_lights       && sed -e '/# am--include-marker/d' Makefile         | make -f - am--depfiles
config.status:1602: $? = 0
config.status:1597: cd src/microsim/trigger       && sed -e '/# am--include-marker/d' Makefile         | make -f - am--depfiles
config.status:1602: $? = 0
config.status:1597: cd src/marouter       && sed -e '/# am--include-marker/d' Makefile         | make -f - am--depfiles
config.status:1602: $? = 0
config.status:1597: cd src/netbuild       && sed -e '/# am--include-marker/d' Makefile         | make -f - am--depfiles
config.status:1602: $? = 0
config.status:1597: cd src/netedit       && sed -e '/# am--include-marker/d' Makefile         | make -f - am--depfiles
config.status:1602: $? = 0
config.status:1597: cd src/mesogui       && sed -e '/# am--include-marker/d' Makefile         | make -f - am--depfiles
config.status:1602: $? = 0
config.status:1597: cd src/mesosim       && sed -e '/# am--include-marker/d' Makefile         | make -f - am--depfiles
config.status:1602: $? = 0
config.status:1597: cd src/osgview       && sed -e '/# am--include-marker/d' Makefile         | make -f - am--depfiles
config.status:1602: $? = 0
config.status:1597: cd src/netgen       && sed -e '/# am--include-marker/d' Makefile         | make -f - am--depfiles
config.status:1602: $? = 0
config.status:1597: cd src/netimport       && sed -e '/# am--include-marker/d' Makefile         | make -f - am--depfiles
config.status:1602: $? = 0
config.status:1597: cd src/netimport/vissim       && sed -e '/# am--include-marker/d' Makefile         | make -f - am--depfiles
config.status:1602: $? = 0
config.status:1597: cd src/netimport/vissim/tempstructs       && sed -e '/# am--include-marker/d' Makefile         | make -f - am--depfiles
config.status:1602: $? = 0
config.status:1597: cd src/netimport/vissim/typeloader       && sed -e '/# am--include-marker/d' Makefile         | make -f - am--depfiles
config.status:1602: $? = 0
config.status:1597: cd src/netload       && sed -e '/# am--include-marker/d' Makefile         | make -f - am--depfiles
config.status:1602: $? = 0
config.status:1597: cd src/netwrite       && sed -e '/# am--include-marker/d' Makefile         | make -f - am--depfiles
config.status:1602: $? = 0
config.status:1597: cd src/od       && sed -e '/# am--include-marker/d' Makefile         | make -f - am--depfiles
config.status:1602: $? = 0
config.status:1597: cd src/polyconvert       && sed -e '/# am--include-marker/d' Makefile         | make -f - am--depfiles
config.status:1602: $? = 0
config.status:1597: cd src/router       && sed -e '/# am--include-marker/d' Makefile         | make -f - am--depfiles
config.status:1602: $? = 0
config.status:1597: cd src/dfrouter       && sed -e '/# am--include-marker/d' Makefile         | make -f - am--depfiles
config.status:1602: $? = 0
config.status:1597: cd src/duarouter       && sed -e '/# am--include-marker/d' Makefile         | make -f - am--depfiles
config.status:1602: $? = 0
config.status:1597: cd src/jtrrouter       && sed -e '/# am--include-marker/d' Makefile         | make -f - am--depfiles
config.status:1602: $? = 0
config.status:1597: cd src/tools       && sed -e '/# am--include-marker/d' Makefile         | make -f - am--depfiles
config.status:1602: $? = 0
config.status:1597: cd src/traci_testclient       && sed -e '/# am--include-marker/d' Makefile         | make -f - am--depfiles
config.status:1602: $? = 0
config.status:1597: cd src/traci-server       && sed -e '/# am--include-marker/d' Makefile         | make -f - am--depfiles
config.status:1602: $? = 0
config.status:1597: cd src/libsumo       && sed -e '/# am--include-marker/d' Makefile         | make -f - am--depfiles
config.status:1602: $? = 0
config.status:1597: cd src/utils/common       && sed -e '/# am--include-marker/d' Makefile         | make -f - am--depfiles
config.status:1602: $? = 0
config.status:1597: cd src/utils/distribution       && sed -e '/# am--include-marker/d' Makefile         | make -f - am--depfiles
config.status:1602: $? = 0
config.status:1597: cd src/utils/emissions       && sed -e '/# am--include-marker/d' Makefile         | make -f - am--depfiles
config.status:1602: $? = 0
config.status:1597: cd src/utils/foxtools       && sed -e '/# am--include-marker/d' Makefile         | make -f - am--depfiles
config.status:1602: $? = 0
config.status:1597: cd src/utils/geom       && sed -e '/# am--include-marker/d' Makefile         | make -f - am--depfiles
config.status:1602: $? = 0
config.status:1597: cd src/utils/gui/div       && sed -e '/# am--include-marker/d' Makefile         | make -f - am--depfiles
config.status:1602: $? = 0
config.status:1597: cd src/utils/gui/globjects       && sed -e '/# am--include-marker/d' Makefile         | make -f - am--depfiles
config.status:1602: $? = 0
config.status:1597: cd src/utils/gui/images       && sed -e '/# am--include-marker/d' Makefile         | make -f - am--depfiles
config.status:1602: $? = 0
config.status:1597: cd src/utils/gui/settings       && sed -e '/# am--include-marker/d' Makefile         | make -f - am--depfiles
config.status:1602: $? = 0
config.status:1597: cd src/utils/gui/tracker       && sed -e '/# am--include-marker/d' Makefile         | make -f - am--depfiles
config.status:1602: $? = 0
config.status:1597: cd src/utils/gui/windows       && sed -e '/# am--include-marker/d' Makefile         | make -f - am--depfiles
config.status:1602: $? = 0
config.status:1597: cd src/utils/importio       && sed -e '/# am--include-marker/d' Makefile         | make -f - am--depfiles
config.status:1602: $? = 0
config.status:1597: cd src/utils/iodevices       && sed -e '/# am--include-marker/d' Makefile         | make -f - am--depfiles
config.status:1602: $? = 0
config.status:1597: cd src/utils/options       && sed -e '/# am--include-marker/d' Makefile         | make -f - am--depfiles
config.status:1602: $? = 0
config.status:1597: cd src/utils/shapes       && sed -e '/# am--include-marker/d' Makefile         | make -f - am--depfiles
config.status:1602: $? = 0
config.status:1597: cd src/utils/traci       && sed -e '/# am--include-marker/d' Makefile         | make -f - am--depfiles
config.status:1602: $? = 0
config.status:1597: cd src/utils/vehicle       && sed -e '/# am--include-marker/d' Makefile         | make -f - am--depfiles
config.status:1602: $? = 0
config.status:1597: cd src/utils/xml       && sed -e '/# am--include-marker/d' Makefile         | make -f - am--depfiles
config.status:1602: $? = 0
config.status:1597: cd unittest/src       && sed -e '/# am--include-marker/d' Makefile         | make -f - am--depfiles
config.status:1602: $? = 0
config.status:1597: cd unittest/src/microsim       && sed -e '/# am--include-marker/d' Makefile         | make -f - am--depfiles
config.status:1602: $? = 0
config.status:1597: cd unittest/src/netbuild       && sed -e '/# am--include-marker/d' Makefile         | make -f - am--depfiles
config.status:1602: $? = 0
config.status:1597: cd unittest/src/utils/common       && sed -e '/# am--include-marker/d' Makefile         | make -f - am--depfiles
config.status:1602: $? = 0
config.status:1597: cd unittest/src/utils/foxtools       && sed -e '/# am--include-marker/d' Makefile         | make -f - am--depfiles
config.status:1602: $? = 0
config.status:1597: cd unittest/src/utils/geom       && sed -e '/# am--include-marker/d' Makefile         | make -f - am--depfiles
config.status:1602: $? = 0
config.status:1520: executing libtool commands
configure:20893: WARNING: unrecognized options: --with-projdir
configure:20899: result: 
configure:20901: result: Optional features summary
configure:20903: result: -------------------------
configure:20905: result: Enabled: TRACI GDAL GUI
configure:20907: result: Disabled: Debug Profiling Coverage PIC PROJ UnitTests Python OSG ffmpeg

## ---------------- ##
## Cache variables. ##
## ---------------- ##

ac_cv_build=x86_64-apple-darwin18.2.0
ac_cv_c_compiler_gnu=yes
ac_cv_c_const=yes
ac_cv_c_inline=inline
ac_cv_c_volatile=yes
ac_cv_cxx_compiler_gnu=yes
ac_cv_env_CCC_set=
ac_cv_env_CCC_value=
ac_cv_env_CC_set=
ac_cv_env_CC_value=
ac_cv_env_CFLAGS_set=
ac_cv_env_CFLAGS_value=
ac_cv_env_CPPFLAGS_set=set
ac_cv_env_CPPFLAGS_value=-I/opt/X11/include/
ac_cv_env_CPP_set=
ac_cv_env_CPP_value=
ac_cv_env_CXXCPP_set=
ac_cv_env_CXXCPP_value=
ac_cv_env_CXXFLAGS_set=set
ac_cv_env_CXXFLAGS_value='-stdlib=libc++ -std=gnu++11'
ac_cv_env_CXX_set=set
ac_cv_env_CXX_value=clang++
ac_cv_env_LDFLAGS_set=set
ac_cv_env_LDFLAGS_value=-L/opt/X11/lib
ac_cv_env_LIBS_set=
ac_cv_env_LIBS_value=
ac_cv_env_LT_SYS_LIBRARY_PATH_set=
ac_cv_env_LT_SYS_LIBRARY_PATH_value=
ac_cv_env_PKG_CONFIG_LIBDIR_set=
ac_cv_env_PKG_CONFIG_LIBDIR_value=
ac_cv_env_PKG_CONFIG_PATH_set=
ac_cv_env_PKG_CONFIG_PATH_value=
ac_cv_env_PKG_CONFIG_set=
ac_cv_env_PKG_CONFIG_value=
ac_cv_env_XERCES_CFLAGS_set=
ac_cv_env_XERCES_CFLAGS_value=
ac_cv_env_XERCES_LIBS_set=
ac_cv_env_XERCES_LIBS_value=
ac_cv_env_build_alias_set=
ac_cv_env_build_alias_value=
ac_cv_env_host_alias_set=
ac_cv_env_host_alias_value=
ac_cv_env_target_alias_set=
ac_cv_env_target_alias_value=
ac_cv_func_alloca_works=yes
ac_cv_func_floor=yes
ac_cv_func_getcwd=yes
ac_cv_func_gettimeofday=yes
ac_cv_func_lstat_dereferences_slashed_symlink=no
ac_cv_func_memset=yes
ac_cv_func_pow=yes
ac_cv_func_select=yes
ac_cv_func_select_args='int,fd_set *,struct timeval *'
ac_cv_func_socket=yes
ac_cv_func_sqrt=yes
ac_cv_func_stat_empty_string_bug=no
ac_cv_header_dlfcn_h=yes
ac_cv_header_float_h=yes
ac_cv_header_fxver_h=yes
ac_cv_header_inttypes_h=yes
ac_cv_header_limits_h=yes
ac_cv_header_malloc_h=no
ac_cv_header_math_h=yes
ac_cv_header_memory_h=yes
ac_cv_header_ogr_api_h=yes
ac_cv_header_proj_api_h=no
ac_cv_header_stdbool_h=no
ac_cv_header_stdc=no
ac_cv_header_stddef_h=yes
ac_cv_header_stdint_h=yes
ac_cv_header_stdlib_h=yes
ac_cv_header_string_h=yes
ac_cv_header_strings_h=yes
ac_cv_header_sys_select_h=yes
ac_cv_header_sys_socket_h=yes
ac_cv_header_sys_stat_h=yes
ac_cv_header_sys_time_h=yes
ac_cv_header_sys_types_h=yes
ac_cv_header_time=yes
ac_cv_header_unistd_h=yes
ac_cv_header_wchar_h=yes
ac_cv_header_xercesc_util_XercesVersion_hpp=yes
ac_cv_host=x86_64-apple-darwin18.2.0
ac_cv_lib_error_at_line=no
ac_cv_lib_proj_main=yes
ac_cv_lib_xerces_c___main=yes
ac_cv_objext=o
ac_cv_path_EGREP='/usr/bin/grep -E'
ac_cv_path_FGREP='/usr/bin/grep -F'
ac_cv_path_FOX_CONFIG=/usr/local/bin/fox-config
ac_cv_path_GDAL_CONFIG=/usr/local/bin/gdal-config
ac_cv_path_GREP=/usr/bin/grep
ac_cv_path_SED=/usr/bin/sed
ac_cv_path_ac_pt_PKG_CONFIG=/usr/local/bin/pkg-config
ac_cv_path_install='/usr/bin/install -c'
ac_cv_path_lt_DD=/bin/dd
ac_cv_prog_AWK=awk
ac_cv_prog_CPP='gcc -E'
ac_cv_prog_CXXCPP='clang++ -E'
ac_cv_prog_ac_ct_AR=ar
ac_cv_prog_ac_ct_CC=gcc
ac_cv_prog_ac_ct_DSYMUTIL=dsymutil
ac_cv_prog_ac_ct_LIPO=lipo
ac_cv_prog_ac_ct_NMEDIT=nmedit
ac_cv_prog_ac_ct_OBJDUMP=objdump
ac_cv_prog_ac_ct_OTOOL=otool
ac_cv_prog_ac_ct_RANLIB=ranlib
ac_cv_prog_ac_ct_STRIP=strip
ac_cv_prog_cc_c89=
ac_cv_prog_cc_g=yes
ac_cv_prog_cxx_g=yes
ac_cv_prog_make_make_set=yes
ac_cv_struct_tm=time.h
ac_cv_target=x86_64-apple-darwin18.2.0
ac_cv_type__Bool=no
ac_cv_type_signal=void
ac_cv_type_size_t=yes
ac_cv_working_alloca_h=yes
am_cv_CC_dependencies_compiler_type=gcc3
am_cv_CXX_dependencies_compiler_type=gcc3
am_cv_make_support_nested_variables=yes
am_cv_prog_cc_c_o=yes
am_cv_prog_tar_ustar=gnutar
lt_cv_apple_cc_single_mod=yes
lt_cv_ar_at_file=no
lt_cv_deplibs_check_method=pass_all
lt_cv_file_magic_cmd='$MAGIC_CMD'
lt_cv_file_magic_test_file=
lt_cv_ld_exported_symbols_list=yes
lt_cv_ld_force_load=yes
lt_cv_ld_reload_flag=-r
lt_cv_nm_interface='BSD nm'
lt_cv_objdir=.libs
lt_cv_path_LD=/Library/Developer/CommandLineTools/usr/bin/ld
lt_cv_path_LDCXX=/Library/Developer/CommandLineTools/usr/bin/ld
lt_cv_path_NM='/usr/bin/nm -B'
lt_cv_path_mainfest_tool=no
lt_cv_prog_compiler_c_o=yes
lt_cv_prog_compiler_c_o_CXX=yes
lt_cv_prog_compiler_pic='-fno-common -DPIC'
lt_cv_prog_compiler_pic_CXX='-fno-common -DPIC'
lt_cv_prog_compiler_pic_works=yes
lt_cv_prog_compiler_pic_works_CXX=yes
lt_cv_prog_compiler_rtti_exceptions=yes
lt_cv_prog_compiler_static_works=no
lt_cv_prog_compiler_static_works_CXX=no
lt_cv_prog_gnu_ld=no
lt_cv_prog_gnu_ldcxx=no
lt_cv_sharedlib_from_linklib_cmd='printf %s\n'
lt_cv_sys_global_symbol_pipe='sed -n -e '\''s/^.*[	 ]\([BCDEGRST][BCDEGRST]*\)[	 ][	 ]*_\([_A-Za-z][_A-Za-z0-9]*\)$/\1 _\2 \2/p'\'' | sed '\''/ __gnu_lto/d'\'''
lt_cv_sys_global_symbol_to_c_name_address='sed -n -e '\''s/^: \(.*\) .*$/  {"\1", (void *) 0},/p'\'' -e '\''s/^[BCDEGRST][BCDEGRST]* .* \(.*\)$/  {"\1", (void *) \&\1},/p'\'''
lt_cv_sys_global_symbol_to_c_name_address_lib_prefix='sed -n -e '\''s/^: \(.*\) .*$/  {"\1", (void *) 0},/p'\'' -e '\''s/^[BCDEGRST][BCDEGRST]* .* \(lib.*\)$/  {"\1", (void *) \&\1},/p'\'' -e '\''s/^[BCDEGRST][BCDEGRST]* .* \(.*\)$/  {"lib\1", (void *) \&\1},/p'\'''
lt_cv_sys_global_symbol_to_cdecl='sed -n -e '\''s/^T .* \(.*\)$/extern int \1();/p'\'' -e '\''s/^[BCDEGRST][BCDEGRST]* .* \(.*\)$/extern char \1;/p'\'''
lt_cv_sys_global_symbol_to_import=
lt_cv_sys_max_cmd_len=196608
lt_cv_to_host_file_cmd=func_convert_file_noop
lt_cv_to_tool_file_cmd=func_convert_file_noop
lt_cv_truncate_bin='/bin/dd bs=4096 count=1'
pkg_cv_XERCES_CFLAGS=-I/usr/local/Cellar/xerces-c/3.2.2/include
pkg_cv_XERCES_LIBS='-L/usr/local/Cellar/xerces-c/3.2.2/lib -lxerces-c'

## ----------------- ##
## Output variables. ##
## ----------------- ##

ACLOCAL='${SHELL} /Users/masayuki/desktop/sumo-0.32.0/missing aclocal-1.16'
ALLOCA=''
AMDEPBACKSLASH='\'
AMDEP_FALSE='#'
AMDEP_TRUE=''
AMTAR='$${TAR-tar}'
AM_BACKSLASH='\'
AM_CPPFLAGS='-I/Users/masayuki/desktop/sumo-0.32.0/./src -I/usr/local/Cellar/fox/1.6.56_1/include/fox-1.6 -I/usr/local/Cellar/gdal/2.4.1/include -I/usr/local/include '
AM_CXXFLAGS=''
AM_DEFAULT_V='$(AM_DEFAULT_VERBOSITY)'
AM_DEFAULT_VERBOSITY='1'
AM_V='$(V)'
AR='ar'
ARFLAGS='cr'
AR_FLAGS='cr'
AUTOCONF='${SHELL} /Users/masayuki/desktop/sumo-0.32.0/missing autoconf'
AUTOHEADER='${SHELL} /Users/masayuki/desktop/sumo-0.32.0/missing autoheader'
AUTOMAKE='${SHELL} /Users/masayuki/desktop/sumo-0.32.0/missing automake-1.16'
AWK='awk'
CC='gcc'
CCDEPMODE='depmode=gcc3'
CFLAGS='-g -O2'
CPP='gcc -E'
CPPFLAGS='-I/opt/X11/include/ -I/opt/local/include'
CXX='clang++'
CXXCPP='clang++ -E'
CXXDEPMODE='depmode=gcc3'
CXXFLAGS='-std=c++11 -O2 -DNDEBUG -stdlib=libc++ -std=gnu++11'
CYGPATH_W='echo'
DEFS='-DHAVE_CONFIG_H'
DEPDIR='.deps'
DLLTOOL='false'
DSYMUTIL='dsymutil'
DUMPBIN=''
ECHO_C='\c'
ECHO_N=''
ECHO_T=''
EGREP='/usr/bin/grep -E'
EXEEXT=''
FFMPEG_LIBS=''
FGREP='/usr/bin/grep -F'
FOX_CONFIG='/usr/local/bin/fox-config'
FOX_LDFLAGS='-L/usr/local/Cellar/fox/1.6.56_1/lib -lFOX-1.6 -lX11 -lXext -lfreetype -lfontconfig -lXft -lXcursor -lXrender -lXrandr -lXfixes -lXi -lGL -lGLU -ldl -lpthread -ljpeg -lpng -ltiff -lz -lbz2 -lGLU -lGL'
GDAL_CONFIG='/usr/local/bin/gdal-config'
GDAL_LDFLAGS='-L/usr/local/Cellar/gdal/2.4.1/lib -lgdal'
GREP='/usr/bin/grep'
GTEST_CONFIG=''
GTEST_LDFLAGS=''
INSTALL_DATA='${INSTALL} -m 644'
INSTALL_PROGRAM='${INSTALL}'
INSTALL_SCRIPT='${INSTALL}'
INSTALL_STRIP_PROGRAM='$(install_sh) -c -s'
LD='/Library/Developer/CommandLineTools/usr/bin/ld'
LDFLAGS='-L/opt/X11/lib -L/opt/local/lib'
LIBOBJS=' ${LIBOBJDIR}error$U.o ${LIBOBJDIR}lstat$U.o'
LIBS=''
LIBTOOL='$(SHELL) $(top_builddir)/libtool'
LIB_XERCES='xerces-c'
LIPO='lipo'
LN_S='ln -s'
LTLIBOBJS=' ${LIBOBJDIR}error$U.lo ${LIBOBJDIR}lstat$U.lo'
LT_SYS_LIBRARY_PATH=''
MAKEINFO='${SHELL} /Users/masayuki/desktop/sumo-0.32.0/missing makeinfo'
MANIFEST_TOOL=':'
MKDIR_P='./install-sh -c -d'
NM='/usr/bin/nm -B'
NMEDIT='nmedit'
OBJDUMP='objdump'
OBJEXT='o'
OSG_LIBS=''
OTOOL64=':'
OTOOL='otool'
PACKAGE='sumo'
PACKAGE_BUGREPORT=''
PACKAGE_NAME='sumo'
PACKAGE_STRING='sumo 0.32.0'
PACKAGE_TARNAME='sumo'
PACKAGE_URL=''
PACKAGE_VERSION='0.32.0'
PATH_SEPARATOR=':'
PKG_CONFIG='/usr/local/bin/pkg-config'
PKG_CONFIG_LIBDIR=''
PKG_CONFIG_PATH=''
PROJ_LDFLAGS='-lproj'
PYTHON_LIBS=''
RANLIB='ranlib'
SED='/usr/bin/sed'
SET_MAKE=''
SHELL='/bin/sh'
STRIP='strip'
TRACI_FALSE='#'
TRACI_TRUE=''
VERSION='0.32.0'
WITH_GTEST_FALSE=''
WITH_GTEST_TRUE='#'
WITH_GUI_FALSE='#'
WITH_GUI_TRUE=''
WITH_VERSION_H_FALSE=''
WITH_VERSION_H_TRUE='#'
XERCES_CFLAGS='-I/usr/local/Cellar/xerces-c/3.2.2/include'
XERCES_LDFLAGS='-L/usr/local/lib'
XERCES_LIBS='-L/usr/local/Cellar/xerces-c/3.2.2/lib -lxerces-c'
ac_ct_AR='ar'
ac_ct_CC='gcc'
ac_ct_CXX=''
ac_ct_DUMPBIN=''
am__EXEEXT_FALSE=''
am__EXEEXT_TRUE='#'
am__fastdepCC_FALSE='#'
am__fastdepCC_TRUE=''
am__fastdepCXX_FALSE='#'
am__fastdepCXX_TRUE=''
am__include='include'
am__isrc=''
am__leading_dot='.'
am__nodep='_no'
am__quote=''
am__tar='tar --format=ustar -chf - "$$tardir"'
am__untar='tar -xf -'
bindir='${exec_prefix}/bin'
build='x86_64-apple-darwin18.2.0'
build_alias=''
build_cpu='x86_64'
build_os='darwin18.2.0'
build_vendor='apple'
datadir='${datarootdir}'
datarootdir='${prefix}/share'
docdir='${datarootdir}/doc/${PACKAGE_TARNAME}'
dvidir='${docdir}'
exec_prefix='${prefix}'
host='x86_64-apple-darwin18.2.0'
host_alias=''
host_cpu='x86_64'
host_os='darwin18.2.0'
host_vendor='apple'
htmldir='${docdir}'
includedir='${prefix}/include'
infodir='${datarootdir}/info'
install_sh='${SHELL} /Users/masayuki/desktop/sumo-0.32.0/install-sh'
libdir='${exec_prefix}/lib'
libexecdir='${exec_prefix}/libexec'
localedir='${datarootdir}/locale'
localstatedir='${prefix}/var'
mandir='${datarootdir}/man'
mkdir_p='$(MKDIR_P)'
oldincludedir='/usr/include'
pdfdir='${docdir}'
prefix='/usr/local'
program_transform_name='s,x,x,'
psdir='${docdir}'
sbindir='${exec_prefix}/sbin'
sharedstatedir='${prefix}/com'
sysconfdir='${prefix}/etc'
target='x86_64-apple-darwin18.2.0'
target_alias=''
target_cpu='x86_64'
target_os='darwin18.2.0'
target_vendor='apple'

## ----------- ##
## confdefs.h. ##
## ----------- ##

/* confdefs.h */
#define PACKAGE_NAME "sumo"
#define PACKAGE_TARNAME "sumo"
#define PACKAGE_VERSION "0.32.0"
#define PACKAGE_STRING "sumo 0.32.0"
#define PACKAGE_BUGREPORT ""
#define PACKAGE_URL ""
#define PACKAGE "sumo"
#define VERSION "0.32.0"
#define HAVE_SYS_TYPES_H 1
#define HAVE_SYS_STAT_H 1
#define HAVE_STDLIB_H 1
#define HAVE_STRING_H 1
#define HAVE_MEMORY_H 1
#define HAVE_STRINGS_H 1
#define HAVE_INTTYPES_H 1
#define HAVE_STDINT_H 1
#define HAVE_UNISTD_H 1
#define HAVE_DLFCN_H 1
#define LT_OBJDIR ".libs/"
#define POSITION_EPS 0.1
#define NUMERICAL_EPS 0.001
#define VERSION_STRING "0.32.0"
#define XERCES3_SIZE_t XMLSize_t
#define HAVE_GDAL 1
#define HAVE_FOX 1
#define HAVE_ENABLED "x86_64-apple-darwin18.2.0 TRACI GDAL GUI"
#define HAVE_ALLOCA_H 1
#define HAVE_ALLOCA 1
#define HAVE_FLOAT_H 1
#define HAVE_LIMITS_H 1
#define HAVE_MATH_H 1
#define HAVE_STDDEF_H 1
#define HAVE_STDLIB_H 1
#define HAVE_STRING_H 1
#define HAVE_SYS_TIME_H 1
#define HAVE_UNISTD_H 1
#define HAVE_WCHAR_H 1
#define TIME_WITH_SYS_TIME 1
#define HAVE_SYS_SELECT_H 1
#define HAVE_SYS_SOCKET_H 1
#define SELECT_TYPE_ARG1 int
#define SELECT_TYPE_ARG234 (fd_set *)
#define SELECT_TYPE_ARG5 (struct timeval *)
#define RETSIGTYPE void
#define HAVE_FLOOR 1
#define HAVE_GETCWD 1
#define HAVE_GETTIMEOFDAY 1
#define HAVE_MEMSET 1
#define HAVE_POW 1
#define HAVE_SELECT 1
#define HAVE_SOCKET 1
#define HAVE_SQRT 1

configure: exit 0

## ---------------------- ##
## Running config.status. ##
## ---------------------- ##

This file was extended by sumo config.status 0.32.0, which was
generated by GNU Autoconf 2.69.  Invocation command line was

  CONFIG_FILES    = 
  CONFIG_HEADERS  = 
  CONFIG_LINKS    = 
  CONFIG_COMMANDS = 
  $ ./config.status src/config.h

on MacBook-Pro-7.lan

config.status:1291: creating src/config.h
config.status:1472: src/config.h is unchanged
